Set seed 10
{'model_path': '/home/sample/lkc/MsDroid/src/training/Experiments/20250210-055931/models/last_epoch_200', 'layer_norm': True}
{'benign_path': '/home/sample/lkc/MsDroid/my_code/DataNew/Benign/HOP_2/TPL_True/dataset.pt', 'malware_path': '/home/sample/lkc/MsDroid/my_code/DataNew/Drebin/HOP_2/TPL_True/dataset.pt', 'aux_val_data_dir': 'trigger_generate_data', 'mask_save_dir': 'mask_150_all', 'aux_num': 256, 'val_num': 256, 'seed': 10}
{'max_iters': 2000, 'initial_rho1': 0.0001, 'initial_rho2': 0.0001, 'initial_rho3': 1e-05, 'max_rho1': 50, 'max_rho2': 50, 'max_rho3': 5, 'rho_fact': 1.01, 'k_bits': 150.0, 'stop_threshold': 0.0001, 'projection_lp': 2, 'lambda_mal_loss': 10, 'initial_mask': tensor([0., 0., 0., 0., 0., 0., 0., 0., 0., 0., 0., 0., 0., 0., 0., 0., 0., 0., 0., 0., 0., 0., 0., 0.,
        0., 0., 0., 0., 0., 0., 0., 0., 0., 0., 0., 0., 0., 0., 0., 0., 0., 0., 0., 0., 0., 0., 0., 0.,
        0., 0., 0., 0., 0., 0., 0., 0., 0., 0., 0., 0., 0., 0., 0., 0., 0., 0., 0., 0., 0., 0., 0., 0.,
        0., 0., 0., 0., 0., 0., 0., 0., 0., 0., 0., 0., 0., 0., 0., 0., 0., 0., 0., 0., 0., 0., 0., 0.,
        0., 0., 0., 0., 0., 0., 0., 0., 0., 0., 0., 0., 0., 0., 0., 0., 0., 0., 0., 0., 0., 0., 0., 0.,
        0., 0., 0., 0., 0., 0., 0., 0., 0., 0., 0., 0., 0., 0., 0., 0., 0., 0., 0., 0., 0., 0., 0., 0.,
        0., 0., 0., 0., 0., 0., 0., 0., 0., 0., 0., 0., 0., 0., 0., 0., 0., 0., 0., 0., 0., 0., 0., 0.,
        0., 0., 0., 0., 0., 0., 0., 0., 0., 0., 0., 0., 0., 0., 0., 0., 0., 0., 0., 0., 0., 0., 0., 0.,
        0., 0., 0., 0., 0., 0., 0., 0., 0., 0., 0., 0., 0., 0., 0., 0., 0., 0., 0., 0., 0., 0., 0., 0.,
        0., 0., 0., 0., 0., 0., 0., 0.]), 'ben_embds_each_epoch': 256, 'eval_iter': 10, 'attack_node_type': 'all'}
[+] Seed set 10
[+] Load Model Done
aux, val , load
aux, val , load
[+] Done Process Dataset, aux_apk:512,aux_ben_subgraph:7899,aux_mal_subgraph:774
[+] Done Process Dataset, val_apk:512,val_ben_subgraph:8093,val_mal_subgraph:772
[+] Load Dataset Done
mask: 0 mask_size: tensor(4.)
tensor([0., 0., 0., 0., 0., 0., 0., 0., 0., 0., 0., 0., 0., 0., 0., 0., 0., 0.,
        0., 0., 0., 0., 0., 0., 0., 0., 0., 0., 0., 0., 0., 0., 0., 0., 0., 0.,
        0., 0., 0., 0., 1., 1., 0., 0., 0., 0., 0., 0., 0., 0., 0., 0., 0., 0.,
        0., 0., 0., 0., 0., 0., 0., 0., 0., 0., 0., 0., 0., 0., 0., 0., 0., 0.,
        0., 0., 0., 0., 0., 0., 0., 0., 0., 0., 0., 0., 0., 0., 0., 0., 0., 0.,
        0., 0., 0., 0., 0., 0., 0., 0., 0., 0., 0., 0., 0., 0., 0., 0., 0., 0.,
        0., 0., 0., 0., 0., 0., 0., 0., 1., 0., 0., 0., 0., 0., 0., 0., 0., 0.,
        0., 0., 0., 0., 0., 0., 0., 0., 0., 0., 0., 1., 0., 0., 0., 0., 0., 0.,
        0., 0., 0., 0., 0., 0., 0., 0., 0., 0., 0., 0., 0., 0., 0., 0., 0., 0.,
        0., 0., 0., 0., 0., 0., 0., 0., 0., 0., 0., 0., 0., 0., 0., 0., 0., 0.,
        0., 0., 0., 0., 0., 0., 0., 0., 0., 0., 0., 0., 0., 0., 0., 0., 0., 0.,
        0., 0., 0., 0., 0., 0., 0., 0., 0., 0., 0., 0., 0., 0., 0., 0., 0., 0.,
        0., 0., 0., 0., 0., 0., 0., 0.])
no trigger
Current real mask attack effect, total_num:772, pred_wrong_num:0
Current real mask attack effect, total_num:774, pred_wrong_num:0
trigger center only
Current real mask attack effect, total_num:772, pred_wrong_num:52
Current real mask attack effect, total_num:774, pred_wrong_num:63
trigger selected
Current real mask attack effect, total_num:772, pred_wrong_num:411
Current real mask attack effect, total_num:774, pred_wrong_num:449
trigger all node
Current real mask attack effect, total_num:772, pred_wrong_num:310
Current real mask attack effect, total_num:774, pred_wrong_num:345
mask: 1 mask_size: tensor(6.)
tensor([0., 0., 0., 0., 0., 0., 0., 0., 0., 0., 0., 0., 0., 0., 0., 0., 0., 0.,
        0., 0., 0., 0., 0., 0., 0., 0., 0., 0., 0., 0., 0., 0., 0., 0., 0., 0.,
        0., 0., 0., 0., 1., 1., 0., 0., 0., 0., 0., 0., 0., 0., 0., 0., 0., 0.,
        0., 0., 0., 0., 0., 0., 0., 0., 0., 0., 0., 0., 0., 0., 0., 0., 0., 0.,
        0., 0., 0., 0., 0., 0., 0., 0., 0., 0., 0., 0., 0., 0., 0., 0., 0., 0.,
        0., 0., 0., 0., 0., 0., 0., 0., 0., 0., 0., 0., 0., 0., 0., 0., 0., 0.,
        0., 0., 0., 0., 0., 0., 0., 0., 0., 0., 0., 0., 0., 0., 0., 0., 0., 0.,
        0., 0., 0., 0., 0., 0., 0., 0., 0., 0., 0., 0., 0., 0., 0., 0., 0., 0.,
        0., 0., 0., 0., 0., 0., 1., 0., 0., 0., 0., 0., 0., 0., 0., 0., 0., 0.,
        0., 0., 0., 0., 0., 0., 0., 0., 0., 1., 0., 0., 0., 0., 0., 0., 0., 0.,
        0., 0., 0., 0., 1., 0., 0., 0., 0., 0., 0., 0., 0., 0., 0., 1., 0., 0.,
        0., 0., 0., 0., 0., 0., 0., 0., 0., 0., 0., 0., 0., 0., 0., 0., 0., 0.,
        0., 0., 0., 0., 0., 0., 0., 0.])
no trigger
Current real mask attack effect, total_num:772, pred_wrong_num:0
Current real mask attack effect, total_num:774, pred_wrong_num:0
trigger center only
Current real mask attack effect, total_num:772, pred_wrong_num:77
Current real mask attack effect, total_num:774, pred_wrong_num:84
trigger selected
Current real mask attack effect, total_num:772, pred_wrong_num:603
Current real mask attack effect, total_num:774, pred_wrong_num:620
trigger all node
Current real mask attack effect, total_num:772, pred_wrong_num:453
Current real mask attack effect, total_num:774, pred_wrong_num:484
mask: 2 mask_size: tensor(6.)
tensor([0., 0., 0., 0., 0., 0., 0., 0., 0., 0., 0., 0., 0., 0., 0., 1., 0., 0.,
        0., 0., 0., 1., 0., 0., 0., 0., 0., 0., 0., 0., 0., 0., 0., 0., 0., 0.,
        0., 0., 0., 0., 1., 1., 0., 0., 0., 0., 0., 0., 0., 0., 0., 0., 0., 0.,
        0., 0., 0., 0., 0., 0., 0., 0., 0., 0., 0., 0., 0., 0., 0., 0., 0., 0.,
        0., 0., 0., 0., 0., 0., 0., 0., 0., 0., 0., 0., 0., 0., 0., 0., 0., 0.,
        0., 0., 0., 0., 0., 0., 0., 0., 0., 0., 0., 0., 0., 0., 0., 0., 0., 0.,
        0., 0., 0., 0., 0., 0., 0., 0., 0., 0., 0., 0., 0., 0., 0., 0., 0., 0.,
        0., 0., 0., 0., 0., 0., 0., 0., 0., 0., 0., 0., 0., 0., 0., 0., 0., 0.,
        0., 0., 0., 0., 0., 0., 0., 0., 0., 0., 0., 0., 0., 0., 0., 0., 0., 0.,
        0., 0., 0., 0., 0., 0., 0., 0., 0., 0., 0., 0., 0., 0., 0., 0., 0., 0.,
        0., 0., 0., 0., 0., 0., 0., 0., 0., 0., 0., 0., 0., 0., 0., 0., 0., 0.,
        0., 0., 0., 0., 1., 0., 0., 0., 0., 0., 0., 0., 0., 0., 0., 0., 0., 0.,
        0., 0., 0., 0., 0., 1., 0., 0.])
no trigger
Current real mask attack effect, total_num:772, pred_wrong_num:0
Current real mask attack effect, total_num:774, pred_wrong_num:0
trigger center only
Current real mask attack effect, total_num:772, pred_wrong_num:44
Current real mask attack effect, total_num:774, pred_wrong_num:52
trigger selected
Current real mask attack effect, total_num:772, pred_wrong_num:450
Current real mask attack effect, total_num:774, pred_wrong_num:457
trigger all node
Current real mask attack effect, total_num:772, pred_wrong_num:283
Current real mask attack effect, total_num:774, pred_wrong_num:318
mask: 3 mask_size: tensor(3.)
tensor([0., 0., 0., 0., 0., 0., 0., 0., 0., 0., 0., 0., 0., 0., 0., 0., 0., 0.,
        0., 0., 0., 0., 0., 0., 0., 0., 0., 0., 0., 0., 0., 0., 0., 0., 0., 0.,
        0., 0., 0., 0., 1., 1., 0., 0., 0., 0., 0., 0., 0., 0., 0., 0., 0., 0.,
        0., 0., 0., 0., 0., 0., 0., 0., 0., 0., 0., 0., 0., 0., 0., 0., 0., 0.,
        0., 0., 0., 0., 0., 0., 0., 0., 0., 0., 0., 0., 0., 0., 0., 0., 0., 0.,
        0., 0., 0., 0., 0., 0., 0., 0., 0., 0., 0., 0., 0., 0., 0., 0., 0., 0.,
        0., 0., 0., 0., 0., 0., 0., 0., 0., 0., 0., 0., 0., 0., 0., 0., 0., 0.,
        0., 0., 0., 0., 0., 0., 0., 0., 0., 0., 0., 0., 0., 0., 0., 0., 0., 0.,
        0., 0., 0., 0., 0., 0., 0., 0., 0., 0., 0., 0., 0., 0., 0., 0., 0., 0.,
        0., 0., 0., 0., 0., 0., 0., 0., 0., 0., 0., 0., 0., 0., 0., 0., 0., 1.,
        0., 0., 0., 0., 0., 0., 0., 0., 0., 0., 0., 0., 0., 0., 0., 0., 0., 0.,
        0., 0., 0., 0., 0., 0., 0., 0., 0., 0., 0., 0., 0., 0., 0., 0., 0., 0.,
        0., 0., 0., 0., 0., 0., 0., 0.])
no trigger
Current real mask attack effect, total_num:772, pred_wrong_num:0
Current real mask attack effect, total_num:774, pred_wrong_num:0
trigger center only
Current real mask attack effect, total_num:772, pred_wrong_num:30
Current real mask attack effect, total_num:774, pred_wrong_num:38
trigger selected
Current real mask attack effect, total_num:772, pred_wrong_num:252
Current real mask attack effect, total_num:774, pred_wrong_num:276
trigger all node
Current real mask attack effect, total_num:772, pred_wrong_num:195
Current real mask attack effect, total_num:774, pred_wrong_num:216
mask: 4 mask_size: tensor(2.)
tensor([0., 0., 0., 0., 0., 0., 0., 0., 0., 0., 0., 0., 0., 0., 0., 0., 0., 0.,
        0., 0., 0., 0., 0., 0., 0., 0., 0., 0., 0., 0., 0., 0., 0., 0., 0., 0.,
        0., 0., 0., 0., 1., 1., 0., 0., 0., 0., 0., 0., 0., 0., 0., 0., 0., 0.,
        0., 0., 0., 0., 0., 0., 0., 0., 0., 0., 0., 0., 0., 0., 0., 0., 0., 0.,
        0., 0., 0., 0., 0., 0., 0., 0., 0., 0., 0., 0., 0., 0., 0., 0., 0., 0.,
        0., 0., 0., 0., 0., 0., 0., 0., 0., 0., 0., 0., 0., 0., 0., 0., 0., 0.,
        0., 0., 0., 0., 0., 0., 0., 0., 0., 0., 0., 0., 0., 0., 0., 0., 0., 0.,
        0., 0., 0., 0., 0., 0., 0., 0., 0., 0., 0., 0., 0., 0., 0., 0., 0., 0.,
        0., 0., 0., 0., 0., 0., 0., 0., 0., 0., 0., 0., 0., 0., 0., 0., 0., 0.,
        0., 0., 0., 0., 0., 0., 0., 0., 0., 0., 0., 0., 0., 0., 0., 0., 0., 0.,
        0., 0., 0., 0., 0., 0., 0., 0., 0., 0., 0., 0., 0., 0., 0., 0., 0., 0.,
        0., 0., 0., 0., 0., 0., 0., 0., 0., 0., 0., 0., 0., 0., 0., 0., 0., 0.,
        0., 0., 0., 0., 0., 0., 0., 0.])
no trigger
Current real mask attack effect, total_num:772, pred_wrong_num:0
Current real mask attack effect, total_num:774, pred_wrong_num:0
trigger center only
Current real mask attack effect, total_num:772, pred_wrong_num:33
Current real mask attack effect, total_num:774, pred_wrong_num:37
trigger selected
Current real mask attack effect, total_num:772, pred_wrong_num:247
Current real mask attack effect, total_num:774, pred_wrong_num:269
trigger all node
Current real mask attack effect, total_num:772, pred_wrong_num:207
Current real mask attack effect, total_num:774, pred_wrong_num:233
mask: 5 mask_size: tensor(11.)
tensor([0., 0., 0., 0., 0., 0., 0., 0., 0., 0., 0., 0., 0., 0., 0., 0., 1., 0.,
        0., 0., 0., 0., 0., 0., 0., 0., 0., 0., 0., 0., 0., 0., 0., 0., 0., 0.,
        0., 0., 0., 0., 1., 1., 0., 0., 0., 0., 0., 0., 0., 0., 0., 1., 0., 0.,
        0., 0., 0., 0., 0., 0., 0., 0., 0., 0., 0., 0., 0., 0., 0., 0., 0., 0.,
        0., 0., 0., 1., 0., 0., 0., 0., 0., 0., 0., 0., 0., 0., 0., 0., 0., 1.,
        0., 0., 0., 0., 0., 0., 0., 0., 0., 0., 0., 0., 0., 1., 0., 0., 0., 0.,
        0., 0., 0., 0., 0., 0., 0., 1., 1., 0., 0., 0., 0., 0., 0., 0., 0., 0.,
        0., 0., 0., 0., 0., 0., 0., 0., 0., 0., 0., 0., 0., 0., 0., 0., 0., 0.,
        0., 0., 0., 0., 0., 0., 0., 0., 0., 0., 0., 0., 0., 1., 0., 0., 0., 0.,
        0., 0., 0., 0., 0., 0., 0., 0., 0., 0., 0., 0., 0., 0., 0., 0., 0., 0.,
        0., 0., 0., 0., 0., 0., 0., 0., 0., 0., 0., 0., 0., 0., 0., 0., 0., 0.,
        0., 0., 0., 0., 0., 0., 0., 0., 0., 0., 0., 0., 0., 0., 0., 0., 0., 0.,
        0., 1., 0., 0., 0., 0., 0., 0.])
no trigger
Current real mask attack effect, total_num:772, pred_wrong_num:0
Current real mask attack effect, total_num:774, pred_wrong_num:0
trigger center only
Current real mask attack effect, total_num:772, pred_wrong_num:101
Current real mask attack effect, total_num:774, pred_wrong_num:93
trigger selected
Current real mask attack effect, total_num:772, pred_wrong_num:733
Current real mask attack effect, total_num:774, pred_wrong_num:748
trigger all node
Current real mask attack effect, total_num:772, pred_wrong_num:668
Current real mask attack effect, total_num:774, pred_wrong_num:696
mask: 6 mask_size: tensor(12.)
tensor([0., 0., 0., 0., 0., 0., 0., 0., 0., 0., 0., 0., 0., 0., 0., 0., 0., 0.,
        0., 0., 0., 0., 0., 1., 0., 0., 0., 0., 0., 0., 0., 0., 1., 0., 0., 0.,
        0., 0., 0., 0., 1., 1., 0., 0., 0., 0., 0., 0., 0., 0., 0., 0., 0., 0.,
        0., 0., 0., 0., 0., 0., 0., 1., 0., 0., 0., 0., 0., 0., 0., 0., 0., 0.,
        0., 0., 0., 0., 0., 1., 0., 0., 0., 0., 0., 0., 0., 0., 0., 0., 0., 0.,
        0., 0., 0., 0., 1., 0., 0., 0., 0., 0., 0., 0., 0., 0., 0., 0., 0., 0.,
        0., 0., 0., 0., 0., 0., 0., 0., 0., 0., 1., 0., 0., 0., 0., 0., 1., 0.,
        0., 0., 0., 0., 0., 0., 0., 0., 0., 0., 0., 0., 0., 0., 0., 0., 0., 0.,
        0., 0., 0., 0., 0., 0., 0., 0., 0., 0., 0., 0., 0., 0., 0., 0., 0., 0.,
        0., 0., 0., 0., 0., 0., 0., 0., 0., 0., 0., 0., 0., 0., 0., 0., 0., 0.,
        0., 0., 0., 0., 0., 1., 0., 1., 0., 0., 0., 0., 0., 0., 0., 0., 0., 0.,
        0., 0., 0., 0., 0., 0., 0., 1., 0., 0., 0., 0., 0., 0., 0., 0., 0., 0.,
        0., 0., 0., 0., 0., 0., 0., 0.])
no trigger
Current real mask attack effect, total_num:772, pred_wrong_num:0
Current real mask attack effect, total_num:774, pred_wrong_num:0
trigger center only
Current real mask attack effect, total_num:772, pred_wrong_num:83
Current real mask attack effect, total_num:774, pred_wrong_num:86
trigger selected
Current real mask attack effect, total_num:772, pred_wrong_num:727
Current real mask attack effect, total_num:774, pred_wrong_num:744
trigger all node
Current real mask attack effect, total_num:772, pred_wrong_num:568
Current real mask attack effect, total_num:774, pred_wrong_num:606
mask: 7 mask_size: tensor(6.)
tensor([0., 0., 0., 0., 0., 0., 0., 0., 0., 0., 0., 0., 0., 0., 0., 0., 0., 0.,
        0., 0., 0., 0., 0., 0., 0., 0., 0., 0., 0., 0., 0., 0., 0., 0., 0., 0.,
        0., 0., 0., 0., 1., 1., 0., 0., 0., 0., 0., 0., 0., 0., 0., 0., 0., 0.,
        0., 0., 0., 1., 0., 0., 0., 0., 0., 0., 0., 0., 0., 0., 0., 0., 0., 0.,
        0., 0., 0., 0., 0., 0., 0., 0., 0., 0., 0., 0., 0., 0., 0., 0., 0., 0.,
        0., 0., 0., 0., 0., 0., 0., 0., 0., 0., 0., 0., 0., 0., 0., 0., 0., 0.,
        0., 0., 0., 0., 0., 0., 0., 0., 0., 0., 0., 0., 0., 0., 0., 1., 0., 0.,
        0., 0., 0., 0., 0., 0., 0., 0., 0., 0., 0., 0., 0., 0., 0., 0., 0., 0.,
        0., 0., 0., 0., 0., 0., 0., 0., 1., 0., 0., 0., 0., 0., 0., 0., 0., 0.,
        0., 0., 0., 0., 0., 0., 0., 0., 0., 0., 0., 0., 0., 0., 0., 0., 0., 0.,
        0., 0., 0., 0., 0., 0., 0., 0., 0., 0., 0., 0., 0., 0., 0., 0., 1., 0.,
        0., 0., 0., 0., 0., 0., 0., 0., 0., 0., 0., 0., 0., 0., 0., 0., 0., 0.,
        0., 0., 0., 0., 0., 0., 0., 0.])
no trigger
Current real mask attack effect, total_num:772, pred_wrong_num:0
Current real mask attack effect, total_num:774, pred_wrong_num:0
trigger center only
Current real mask attack effect, total_num:772, pred_wrong_num:61
Current real mask attack effect, total_num:774, pred_wrong_num:64
trigger selected
Current real mask attack effect, total_num:772, pred_wrong_num:473
Current real mask attack effect, total_num:774, pred_wrong_num:489
trigger all node
Current real mask attack effect, total_num:772, pred_wrong_num:328
Current real mask attack effect, total_num:774, pred_wrong_num:353
mask: 8 mask_size: tensor(13.)
tensor([0., 0., 0., 0., 0., 1., 0., 0., 0., 0., 0., 0., 0., 0., 0., 1., 0., 0.,
        0., 0., 0., 1., 0., 0., 0., 0., 0., 0., 0., 0., 0., 0., 0., 0., 0., 0.,
        0., 0., 1., 0., 1., 1., 0., 0., 0., 0., 0., 0., 0., 0., 0., 0., 0., 0.,
        0., 0., 0., 0., 0., 0., 0., 0., 0., 0., 0., 0., 0., 0., 0., 0., 0., 0.,
        0., 0., 0., 0., 0., 0., 0., 0., 0., 0., 0., 0., 0., 0., 0., 0., 1., 0.,
        0., 0., 0., 0., 0., 0., 0., 0., 1., 0., 0., 0., 0., 0., 0., 0., 0., 0.,
        0., 0., 0., 0., 0., 0., 0., 0., 0., 0., 0., 0., 0., 0., 0., 0., 0., 0.,
        0., 0., 0., 0., 0., 1., 0., 0., 0., 1., 0., 0., 0., 0., 0., 0., 0., 0.,
        1., 0., 0., 0., 0., 0., 0., 0., 0., 0., 0., 0., 0., 0., 0., 0., 0., 0.,
        1., 0., 0., 0., 0., 0., 0., 0., 0., 0., 0., 0., 0., 0., 0., 0., 0., 0.,
        0., 0., 0., 0., 0., 0., 1., 0., 0., 0., 0., 0., 0., 0., 0., 0., 0., 0.,
        0., 0., 0., 0., 0., 0., 0., 0., 0., 0., 0., 0., 0., 0., 0., 0., 0., 0.,
        0., 0., 0., 0., 0., 0., 0., 0.])
no trigger
Current real mask attack effect, total_num:772, pred_wrong_num:0
Current real mask attack effect, total_num:774, pred_wrong_num:0
trigger center only
Current real mask attack effect, total_num:772, pred_wrong_num:98
Current real mask attack effect, total_num:774, pred_wrong_num:89
trigger selected
Current real mask attack effect, total_num:772, pred_wrong_num:714
Current real mask attack effect, total_num:774, pred_wrong_num:728
trigger all node
Current real mask attack effect, total_num:772, pred_wrong_num:597
Current real mask attack effect, total_num:774, pred_wrong_num:611
mask: 9 mask_size: tensor(12.)
tensor([0., 0., 0., 0., 0., 0., 0., 0., 0., 0., 0., 0., 0., 0., 0., 0., 0., 0.,
        0., 0., 0., 0., 0., 0., 0., 0., 0., 0., 0., 0., 0., 0., 0., 0., 0., 0.,
        0., 0., 0., 0., 1., 1., 0., 0., 0., 0., 0., 0., 0., 0., 0., 0., 0., 0.,
        0., 0., 0., 0., 0., 0., 0., 0., 1., 0., 0., 0., 0., 0., 0., 0., 0., 0.,
        0., 0., 0., 0., 0., 0., 0., 0., 0., 0., 0., 0., 0., 0., 0., 0., 0., 0.,
        0., 0., 0., 0., 1., 0., 0., 0., 0., 0., 0., 0., 0., 0., 0., 0., 0., 0.,
        0., 1., 0., 0., 0., 0., 0., 0., 0., 0., 0., 1., 0., 0., 0., 0., 0., 0.,
        0., 0., 0., 0., 1., 0., 1., 0., 0., 0., 0., 0., 0., 0., 0., 1., 0., 1.,
        0., 0., 0., 0., 0., 0., 0., 0., 0., 0., 0., 0., 0., 0., 0., 0., 0., 0.,
        1., 0., 0., 0., 0., 0., 0., 0., 0., 0., 0., 0., 0., 0., 1., 0., 0., 0.,
        0., 0., 0., 0., 0., 0., 0., 0., 0., 0., 0., 0., 0., 0., 0., 0., 0., 0.,
        0., 0., 0., 0., 0., 0., 0., 0., 0., 0., 0., 0., 0., 0., 0., 0., 0., 0.,
        0., 0., 0., 0., 0., 0., 0., 0.])
no trigger
Current real mask attack effect, total_num:772, pred_wrong_num:0
Current real mask attack effect, total_num:774, pred_wrong_num:0
trigger center only
Current real mask attack effect, total_num:772, pred_wrong_num:84
Current real mask attack effect, total_num:774, pred_wrong_num:89
trigger selected
Current real mask attack effect, total_num:772, pred_wrong_num:735
Current real mask attack effect, total_num:774, pred_wrong_num:748
trigger all node
Current real mask attack effect, total_num:772, pred_wrong_num:680
Current real mask attack effect, total_num:774, pred_wrong_num:704
mask: 10 mask_size: tensor(19.)
tensor([0., 0., 0., 0., 0., 0., 0., 0., 0., 0., 0., 1., 0., 0., 1., 0., 1., 0.,
        0., 0., 0., 0., 0., 0., 0., 0., 0., 0., 0., 0., 0., 0., 0., 0., 0., 0.,
        0., 0., 0., 0., 1., 1., 0., 0., 0., 0., 0., 0., 0., 0., 0., 1., 0., 0.,
        0., 0., 0., 0., 0., 0., 0., 0., 0., 0., 0., 0., 1., 0., 0., 0., 0., 0.,
        0., 0., 0., 0., 0., 0., 0., 0., 0., 0., 0., 0., 1., 0., 0., 0., 0., 0.,
        0., 0., 0., 0., 0., 0., 0., 0., 0., 0., 0., 0., 0., 0., 0., 0., 0., 0.,
        1., 0., 0., 1., 0., 0., 0., 0., 0., 0., 0., 0., 0., 0., 0., 0., 0., 0.,
        0., 0., 0., 1., 1., 0., 0., 0., 0., 0., 0., 0., 0., 0., 0., 0., 0., 0.,
        0., 0., 0., 0., 0., 1., 0., 0., 0., 0., 0., 1., 0., 0., 0., 0., 0., 0.,
        0., 0., 0., 0., 0., 0., 0., 0., 0., 0., 0., 0., 1., 0., 0., 0., 0., 1.,
        0., 0., 1., 0., 0., 0., 0., 0., 0., 0., 0., 1., 0., 0., 0., 0., 0., 0.,
        0., 0., 0., 0., 0., 0., 0., 0., 0., 0., 0., 0., 0., 0., 0., 0., 0., 0.,
        0., 0., 1., 0., 0., 0., 0., 0.])
no trigger
Current real mask attack effect, total_num:772, pred_wrong_num:0
Current real mask attack effect, total_num:774, pred_wrong_num:0
trigger center only
Current real mask attack effect, total_num:772, pred_wrong_num:102
Current real mask attack effect, total_num:774, pred_wrong_num:92
trigger selected
Current real mask attack effect, total_num:772, pred_wrong_num:757
Current real mask attack effect, total_num:774, pred_wrong_num:765
trigger all node
Current real mask attack effect, total_num:772, pred_wrong_num:692
Current real mask attack effect, total_num:774, pred_wrong_num:711
mask: 11 mask_size: tensor(13.)
tensor([0., 0., 0., 0., 0., 0., 0., 0., 0., 1., 0., 0., 0., 0., 0., 0., 0., 0.,
        0., 0., 0., 1., 0., 0., 0., 0., 0., 0., 0., 0., 0., 0., 0., 0., 0., 0.,
        0., 0., 0., 0., 1., 1., 0., 0., 1., 0., 0., 0., 0., 0., 0., 0., 0., 0.,
        0., 0., 1., 1., 0., 0., 0., 0., 1., 0., 0., 0., 0., 0., 0., 0., 0., 0.,
        0., 0., 0., 0., 0., 0., 0., 0., 0., 0., 0., 0., 0., 0., 0., 0., 0., 0.,
        0., 0., 0., 0., 1., 0., 0., 0., 0., 0., 0., 0., 0., 0., 0., 0., 0., 0.,
        0., 0., 0., 0., 0., 0., 0., 0., 0., 0., 0., 0., 0., 0., 1., 0., 0., 0.,
        0., 0., 0., 0., 0., 0., 0., 0., 0., 0., 0., 0., 0., 0., 0., 0., 0., 0.,
        0., 0., 0., 1., 0., 0., 0., 0., 0., 0., 0., 0., 0., 0., 0., 0., 0., 0.,
        0., 0., 0., 0., 0., 0., 0., 1., 0., 0., 0., 0., 0., 0., 0., 0., 0., 0.,
        0., 0., 0., 0., 0., 0., 0., 0., 0., 0., 0., 0., 0., 0., 0., 0., 0., 0.,
        0., 0., 0., 0., 0., 0., 0., 0., 0., 0., 0., 0., 0., 0., 0., 0., 1., 0.,
        0., 0., 0., 0., 0., 0., 0., 0.])
no trigger
Current real mask attack effect, total_num:772, pred_wrong_num:0
Current real mask attack effect, total_num:774, pred_wrong_num:0
trigger center only
Current real mask attack effect, total_num:772, pred_wrong_num:103
Current real mask attack effect, total_num:774, pred_wrong_num:99
trigger selected
Current real mask attack effect, total_num:772, pred_wrong_num:727
Current real mask attack effect, total_num:774, pred_wrong_num:747
trigger all node
Current real mask attack effect, total_num:772, pred_wrong_num:640
Current real mask attack effect, total_num:774, pred_wrong_num:668
mask: 12 mask_size: tensor(15.)
tensor([0., 0., 0., 0., 0., 0., 0., 0., 0., 0., 0., 0., 0., 0., 0., 0., 0., 0.,
        0., 0., 0., 0., 0., 0., 0., 0., 0., 0., 0., 0., 0., 0., 1., 0., 0., 0.,
        0., 0., 0., 0., 1., 1., 0., 0., 0., 0., 0., 0., 0., 0., 0., 0., 0., 0.,
        0., 0., 0., 0., 0., 0., 0., 1., 0., 0., 0., 0., 0., 1., 0., 0., 0., 0.,
        0., 0., 0., 0., 0., 0., 1., 0., 0., 0., 0., 0., 0., 0., 0., 0., 0., 0.,
        0., 0., 0., 0., 0., 0., 0., 0., 0., 0., 0., 0., 0., 0., 0., 0., 0., 0.,
        0., 0., 0., 0., 0., 0., 0., 0., 0., 0., 0., 0., 0., 0., 0., 0., 0., 0.,
        0., 0., 1., 0., 0., 0., 0., 0., 0., 0., 0., 0., 0., 0., 1., 0., 0., 0.,
        0., 0., 1., 1., 0., 0., 0., 0., 0., 0., 0., 0., 0., 0., 1., 0., 0., 0.,
        0., 0., 0., 0., 0., 1., 0., 0., 0., 0., 0., 0., 1., 0., 0., 0., 0., 0.,
        0., 0., 0., 0., 0., 0., 0., 0., 0., 0., 0., 0., 0., 0., 0., 0., 0., 0.,
        0., 0., 0., 0., 0., 0., 1., 0., 0., 0., 0., 0., 0., 0., 0., 0., 0., 0.,
        0., 0., 0., 0., 0., 0., 0., 1.])
no trigger
Current real mask attack effect, total_num:772, pred_wrong_num:0
Current real mask attack effect, total_num:774, pred_wrong_num:0
trigger center only
Current real mask attack effect, total_num:772, pred_wrong_num:85
Current real mask attack effect, total_num:774, pred_wrong_num:93
trigger selected
Current real mask attack effect, total_num:772, pred_wrong_num:732
Current real mask attack effect, total_num:774, pred_wrong_num:745
trigger all node
Current real mask attack effect, total_num:772, pred_wrong_num:655
Current real mask attack effect, total_num:774, pred_wrong_num:691
mask: 13 mask_size: tensor(16.)
tensor([0., 0., 0., 0., 0., 1., 0., 0., 0., 0., 0., 0., 0., 0., 0., 0., 0., 0.,
        0., 0., 1., 0., 0., 0., 0., 1., 0., 0., 0., 0., 0., 0., 0., 0., 0., 0.,
        0., 1., 1., 0., 1., 1., 0., 0., 0., 0., 0., 0., 0., 0., 0., 0., 0., 0.,
        0., 0., 0., 0., 0., 0., 0., 1., 0., 0., 0., 0., 0., 0., 0., 0., 0., 0.,
        0., 0., 0., 0., 0., 0., 0., 0., 0., 0., 0., 0., 0., 0., 0., 1., 0., 0.,
        0., 0., 0., 0., 0., 0., 0., 0., 0., 0., 0., 0., 0., 0., 0., 0., 0., 0.,
        0., 0., 0., 0., 0., 0., 0., 0., 0., 0., 0., 0., 0., 0., 0., 0., 0., 0.,
        0., 1., 1., 0., 0., 0., 0., 0., 0., 0., 0., 0., 0., 0., 0., 0., 0., 0.,
        0., 1., 0., 0., 0., 0., 0., 0., 0., 0., 0., 0., 0., 0., 0., 0., 0., 0.,
        0., 0., 0., 0., 0., 0., 1., 0., 0., 0., 0., 0., 0., 0., 0., 0., 0., 0.,
        0., 0., 0., 0., 0., 0., 0., 0., 0., 0., 0., 1., 0., 0., 0., 0., 0., 0.,
        0., 0., 0., 0., 0., 1., 0., 0., 0., 0., 1., 0., 0., 0., 0., 0., 0., 0.,
        0., 0., 0., 0., 0., 0., 0., 0.])
no trigger
Current real mask attack effect, total_num:772, pred_wrong_num:0
Current real mask attack effect, total_num:774, pred_wrong_num:0
trigger center only
Current real mask attack effect, total_num:772, pred_wrong_num:102
Current real mask attack effect, total_num:774, pred_wrong_num:98
trigger selected
Current real mask attack effect, total_num:772, pred_wrong_num:772
Current real mask attack effect, total_num:774, pred_wrong_num:774
trigger all node
Current real mask attack effect, total_num:772, pred_wrong_num:750
Current real mask attack effect, total_num:774, pred_wrong_num:767
mask: 14 mask_size: tensor(11.)
tensor([0., 0., 0., 0., 0., 0., 0., 0., 0., 0., 0., 0., 0., 0., 0., 0., 0., 0.,
        0., 0., 0., 0., 0., 0., 0., 0., 0., 0., 0., 0., 1., 0., 0., 0., 0., 0.,
        0., 0., 0., 0., 1., 1., 0., 0., 0., 0., 0., 0., 0., 0., 0., 0., 0., 1.,
        0., 0., 1., 0., 1., 0., 0., 0., 0., 0., 0., 0., 0., 0., 0., 0., 0., 0.,
        0., 0., 0., 0., 0., 0., 0., 0., 0., 0., 0., 1., 0., 0., 0., 0., 0., 0.,
        0., 0., 0., 0., 0., 0., 0., 0., 0., 0., 0., 0., 0., 0., 0., 0., 0., 0.,
        0., 1., 0., 0., 0., 0., 0., 0., 0., 0., 0., 1., 0., 0., 0., 0., 0., 0.,
        0., 0., 0., 0., 0., 0., 0., 0., 0., 1., 0., 0., 0., 0., 0., 0., 0., 0.,
        0., 0., 0., 0., 0., 0., 0., 0., 0., 0., 0., 0., 0., 0., 0., 0., 0., 0.,
        0., 0., 0., 0., 0., 0., 0., 0., 0., 0., 0., 0., 0., 0., 0., 0., 0., 0.,
        0., 0., 0., 0., 0., 0., 0., 0., 0., 0., 0., 0., 0., 0., 0., 0., 0., 0.,
        0., 0., 0., 0., 0., 0., 0., 0., 0., 0., 0., 0., 0., 0., 0., 0., 0., 1.,
        0., 0., 0., 0., 0., 0., 0., 0.])
no trigger
Current real mask attack effect, total_num:772, pred_wrong_num:0
Current real mask attack effect, total_num:774, pred_wrong_num:0
trigger center only
Current real mask attack effect, total_num:772, pred_wrong_num:54
Current real mask attack effect, total_num:774, pred_wrong_num:61
trigger selected
Current real mask attack effect, total_num:772, pred_wrong_num:434
Current real mask attack effect, total_num:774, pred_wrong_num:450
trigger all node
Current real mask attack effect, total_num:772, pred_wrong_num:316
Current real mask attack effect, total_num:774, pred_wrong_num:337
mask: 15 mask_size: tensor(24.)
tensor([0., 0., 0., 0., 0., 0., 0., 0., 0., 0., 0., 0., 0., 0., 0., 1., 1., 0.,
        0., 0., 0., 0., 0., 0., 0., 0., 1., 0., 0., 0., 1., 0., 0., 0., 0., 0.,
        0., 0., 0., 0., 1., 1., 0., 0., 0., 1., 0., 0., 0., 0., 0., 0., 0., 0.,
        0., 0., 0., 0., 0., 0., 0., 0., 0., 0., 0., 0., 0., 0., 1., 0., 0., 0.,
        0., 0., 0., 0., 0., 0., 0., 1., 0., 0., 0., 0., 0., 0., 0., 0., 0., 0.,
        0., 0., 0., 0., 0., 1., 0., 0., 0., 0., 0., 0., 0., 0., 0., 0., 0., 0.,
        1., 0., 0., 0., 1., 0., 0., 0., 0., 0., 0., 1., 0., 0., 0., 0., 0., 0.,
        0., 0., 0., 0., 0., 0., 0., 0., 0., 0., 0., 0., 0., 0., 1., 0., 0., 0.,
        1., 0., 0., 0., 0., 0., 0., 0., 0., 0., 0., 0., 1., 0., 0., 0., 0., 0.,
        0., 0., 0., 0., 0., 1., 1., 0., 1., 0., 0., 0., 0., 0., 0., 0., 0., 0.,
        0., 0., 0., 0., 1., 1., 0., 0., 0., 0., 0., 0., 1., 0., 0., 0., 0., 0.,
        0., 0., 0., 0., 0., 0., 0., 0., 0., 0., 1., 0., 0., 0., 0., 0., 0., 0.,
        1., 0., 0., 0., 0., 0., 0., 0.])
no trigger
Current real mask attack effect, total_num:772, pred_wrong_num:0
Current real mask attack effect, total_num:774, pred_wrong_num:0
trigger center only
Current real mask attack effect, total_num:772, pred_wrong_num:99
Current real mask attack effect, total_num:774, pred_wrong_num:94
trigger selected
Current real mask attack effect, total_num:772, pred_wrong_num:772
Current real mask attack effect, total_num:774, pred_wrong_num:774
trigger all node
Current real mask attack effect, total_num:772, pred_wrong_num:724
Current real mask attack effect, total_num:774, pred_wrong_num:746
mask: 16 mask_size: tensor(24.)
tensor([0., 0., 0., 0., 0., 0., 0., 0., 0., 0., 0., 0., 0., 0., 0., 0., 0., 0.,
        1., 0., 0., 0., 0., 0., 1., 0., 0., 0., 0., 0., 0., 1., 0., 0., 0., 0.,
        0., 0., 0., 0., 1., 1., 0., 0., 0., 0., 0., 0., 1., 0., 0., 0., 1., 0.,
        0., 0., 0., 0., 0., 1., 0., 0., 1., 1., 1., 0., 0., 1., 0., 0., 0., 0.,
        0., 0., 0., 0., 0., 0., 0., 0., 0., 0., 0., 0., 0., 0., 0., 0., 0., 0.,
        0., 0., 0., 0., 0., 0., 0., 0., 0., 0., 0., 1., 0., 0., 0., 0., 0., 0.,
        0., 0., 0., 0., 0., 0., 0., 0., 0., 1., 1., 1., 0., 0., 0., 0., 0., 0.,
        0., 0., 0., 0., 0., 0., 0., 0., 0., 0., 0., 1., 0., 1., 0., 0., 0., 0.,
        0., 0., 0., 0., 0., 1., 0., 0., 0., 0., 0., 0., 0., 0., 0., 0., 0., 0.,
        0., 0., 0., 0., 0., 0., 0., 0., 0., 0., 0., 0., 0., 0., 0., 0., 0., 0.,
        1., 0., 0., 0., 0., 0., 0., 1., 0., 1., 1., 0., 0., 0., 0., 0., 0., 0.,
        0., 0., 0., 0., 0., 0., 0., 0., 0., 1., 0., 0., 0., 0., 0., 0., 0., 0.,
        0., 0., 0., 0., 0., 0., 0., 0.])
no trigger
Current real mask attack effect, total_num:772, pred_wrong_num:0
Current real mask attack effect, total_num:774, pred_wrong_num:0
trigger center only
Current real mask attack effect, total_num:772, pred_wrong_num:122
Current real mask attack effect, total_num:774, pred_wrong_num:116
trigger selected
Current real mask attack effect, total_num:772, pred_wrong_num:772
Current real mask attack effect, total_num:774, pred_wrong_num:774
trigger all node
Current real mask attack effect, total_num:772, pred_wrong_num:753
Current real mask attack effect, total_num:774, pred_wrong_num:753
mask: 17 mask_size: tensor(26.)
tensor([0., 1., 0., 0., 0., 1., 0., 0., 0., 0., 0., 0., 0., 0., 0., 1., 1., 0.,
        0., 0., 0., 0., 0., 0., 0., 0., 0., 0., 1., 0., 0., 0., 0., 0., 0., 0.,
        0., 0., 0., 0., 1., 1., 0., 0., 0., 0., 0., 0., 0., 0., 0., 0., 0., 0.,
        0., 0., 0., 0., 1., 1., 0., 0., 0., 0., 0., 0., 0., 0., 0., 0., 0., 0.,
        0., 0., 0., 1., 0., 0., 0., 0., 0., 0., 0., 0., 0., 0., 0., 0., 1., 0.,
        0., 0., 0., 0., 0., 0., 0., 0., 0., 0., 0., 0., 1., 1., 0., 0., 0., 0.,
        0., 1., 0., 0., 0., 0., 0., 0., 0., 0., 0., 0., 0., 0., 0., 0., 0., 1.,
        0., 0., 0., 1., 0., 0., 1., 0., 0., 0., 0., 0., 0., 0., 0., 0., 0., 0.,
        0., 0., 0., 0., 1., 0., 1., 0., 0., 0., 0., 0., 0., 0., 0., 0., 0., 0.,
        0., 0., 0., 0., 0., 0., 0., 0., 0., 0., 0., 0., 0., 0., 0., 0., 0., 0.,
        0., 1., 0., 0., 0., 0., 1., 0., 1., 0., 0., 0., 0., 0., 1., 0., 0., 0.,
        1., 1., 1., 0., 0., 0., 0., 0., 0., 0., 0., 0., 0., 0., 0., 0., 0., 0.,
        0., 0., 0., 0., 0., 0., 0., 0.])
no trigger
Current real mask attack effect, total_num:772, pred_wrong_num:0
Current real mask attack effect, total_num:774, pred_wrong_num:0
trigger center only
Current real mask attack effect, total_num:772, pred_wrong_num:89
Current real mask attack effect, total_num:774, pred_wrong_num:92
trigger selected
Current real mask attack effect, total_num:772, pred_wrong_num:772
Current real mask attack effect, total_num:774, pred_wrong_num:774
trigger all node
Current real mask attack effect, total_num:772, pred_wrong_num:691
Current real mask attack effect, total_num:774, pred_wrong_num:705
mask: 18 mask_size: tensor(20.)
tensor([0., 1., 0., 1., 0., 0., 0., 0., 0., 0., 0., 0., 1., 1., 0., 1., 0., 0.,
        0., 0., 0., 0., 0., 0., 0., 0., 0., 0., 0., 0., 0., 0., 1., 0., 0., 0.,
        0., 0., 1., 0., 1., 1., 0., 0., 0., 0., 0., 0., 1., 0., 0., 0., 0., 0.,
        0., 0., 0., 0., 0., 0., 0., 0., 0., 0., 0., 0., 0., 0., 0., 1., 0., 1.,
        0., 0., 0., 0., 0., 0., 0., 0., 0., 0., 0., 0., 0., 0., 0., 0., 0., 0.,
        0., 0., 0., 0., 0., 0., 0., 0., 0., 0., 1., 0., 0., 0., 0., 0., 0., 0.,
        0., 0., 0., 0., 0., 0., 0., 0., 0., 0., 0., 0., 0., 0., 0., 1., 0., 1.,
        0., 0., 0., 0., 0., 0., 0., 0., 0., 0., 0., 0., 0., 0., 0., 0., 0., 0.,
        0., 0., 0., 0., 0., 0., 0., 0., 0., 0., 0., 0., 0., 1., 0., 0., 0., 0.,
        0., 0., 0., 0., 0., 0., 0., 1., 0., 0., 0., 0., 0., 0., 0., 0., 0., 0.,
        1., 0., 0., 0., 0., 0., 0., 0., 0., 0., 1., 0., 0., 0., 0., 0., 0., 0.,
        0., 0., 0., 0., 0., 0., 0., 0., 0., 0., 0., 0., 0., 0., 0., 0., 0., 0.,
        1., 0., 0., 0., 0., 0., 0., 0.])
no trigger
Current real mask attack effect, total_num:772, pred_wrong_num:0
Current real mask attack effect, total_num:774, pred_wrong_num:0
trigger center only
Current real mask attack effect, total_num:772, pred_wrong_num:124
Current real mask attack effect, total_num:774, pred_wrong_num:121
trigger selected
Current real mask attack effect, total_num:772, pred_wrong_num:772
Current real mask attack effect, total_num:774, pred_wrong_num:774
trigger all node
Current real mask attack effect, total_num:772, pred_wrong_num:716
Current real mask attack effect, total_num:774, pred_wrong_num:739
mask: 19 mask_size: tensor(19.)
tensor([0., 0., 0., 0., 0., 0., 0., 0., 0., 0., 0., 0., 0., 0., 0., 0., 0., 0.,
        0., 0., 0., 0., 0., 0., 0., 0., 0., 0., 1., 0., 1., 0., 0., 0., 0., 0.,
        0., 0., 0., 0., 1., 1., 0., 0., 0., 0., 0., 0., 0., 0., 0., 0., 0., 0.,
        0., 0., 0., 0., 0., 0., 0., 0., 0., 0., 0., 0., 0., 0., 0., 0., 0., 0.,
        1., 0., 0., 0., 0., 0., 0., 0., 0., 1., 0., 0., 0., 0., 1., 0., 0., 0.,
        0., 0., 0., 0., 0., 0., 0., 0., 0., 0., 0., 0., 0., 0., 0., 1., 0., 0.,
        0., 0., 0., 0., 0., 0., 0., 0., 0., 0., 0., 0., 0., 0., 0., 0., 1., 0.,
        0., 1., 0., 0., 0., 0., 1., 0., 0., 0., 0., 0., 0., 0., 0., 0., 0., 0.,
        0., 0., 0., 0., 0., 0., 0., 0., 0., 0., 0., 0., 0., 0., 0., 1., 0., 0.,
        0., 0., 1., 0., 1., 0., 0., 0., 0., 0., 0., 0., 0., 0., 0., 0., 0., 0.,
        0., 0., 0., 0., 0., 0., 0., 0., 0., 0., 1., 0., 1., 0., 0., 1., 0., 0.,
        0., 0., 0., 0., 0., 0., 1., 0., 0., 0., 0., 0., 0., 0., 0., 0., 0., 0.,
        0., 0., 0., 0., 0., 0., 0., 1.])
no trigger
Current real mask attack effect, total_num:772, pred_wrong_num:0
Current real mask attack effect, total_num:774, pred_wrong_num:0
trigger center only
Current real mask attack effect, total_num:772, pred_wrong_num:84
Current real mask attack effect, total_num:774, pred_wrong_num:88
trigger selected
Current real mask attack effect, total_num:772, pred_wrong_num:772
Current real mask attack effect, total_num:774, pred_wrong_num:774
trigger all node
Current real mask attack effect, total_num:772, pred_wrong_num:735
Current real mask attack effect, total_num:774, pred_wrong_num:750
mask: 20 mask_size: tensor(28.)
tensor([0., 0., 0., 1., 1., 0., 0., 0., 0., 0., 0., 1., 0., 0., 0., 0., 0., 0.,
        0., 1., 0., 1., 0., 0., 0., 0., 0., 0., 0., 0., 0., 0., 0., 0., 0., 1.,
        0., 1., 1., 0., 1., 1., 0., 0., 0., 0., 0., 0., 0., 0., 0., 0., 0., 0.,
        0., 0., 0., 0., 0., 0., 0., 0., 1., 0., 0., 0., 0., 0., 0., 0., 0., 0.,
        0., 0., 0., 0., 0., 1., 0., 0., 0., 0., 0., 0., 0., 0., 0., 0., 0., 0.,
        0., 0., 0., 0., 0., 0., 0., 0., 0., 0., 0., 0., 0., 0., 0., 0., 0., 0.,
        0., 1., 0., 0., 0., 1., 0., 0., 0., 0., 0., 0., 0., 0., 0., 0., 0., 1.,
        0., 0., 1., 0., 0., 0., 0., 0., 0., 1., 0., 1., 0., 0., 0., 0., 0., 0.,
        0., 0., 0., 0., 0., 1., 0., 0., 0., 0., 0., 1., 0., 0., 0., 0., 0., 1.,
        0., 1., 1., 0., 0., 0., 0., 1., 0., 0., 0., 0., 0., 0., 0., 0., 0., 0.,
        0., 0., 0., 0., 0., 0., 0., 0., 0., 0., 0., 1., 0., 0., 0., 0., 0., 1.,
        0., 0., 1., 0., 0., 0., 0., 0., 0., 0., 0., 0., 0., 0., 0., 0., 0., 0.,
        0., 0., 0., 1., 0., 0., 0., 0.])
no trigger
Current real mask attack effect, total_num:772, pred_wrong_num:0
Current real mask attack effect, total_num:774, pred_wrong_num:0
trigger center only
Current real mask attack effect, total_num:772, pred_wrong_num:87
Current real mask attack effect, total_num:774, pred_wrong_num:95
trigger selected
Current real mask attack effect, total_num:772, pred_wrong_num:772
Current real mask attack effect, total_num:774, pred_wrong_num:774
trigger all node
Current real mask attack effect, total_num:772, pred_wrong_num:722
Current real mask attack effect, total_num:774, pred_wrong_num:740
mask: 21 mask_size: tensor(29.)
tensor([0., 0., 0., 0., 0., 1., 0., 0., 0., 0., 1., 0., 1., 0., 0., 1., 0., 0.,
        0., 0., 0., 0., 0., 0., 0., 0., 0., 0., 0., 0., 0., 0., 0., 0., 0., 0.,
        0., 0., 0., 0., 1., 1., 0., 0., 0., 0., 0., 0., 0., 0., 0., 1., 0., 0.,
        0., 0., 0., 0., 0., 0., 0., 0., 0., 0., 0., 0., 0., 1., 1., 0., 0., 0.,
        0., 0., 0., 0., 1., 1., 0., 0., 0., 1., 0., 0., 0., 0., 0., 0., 0., 0.,
        0., 1., 0., 0., 0., 0., 1., 0., 0., 0., 1., 0., 0., 1., 0., 0., 0., 0.,
        0., 0., 0., 0., 0., 0., 0., 0., 1., 0., 0., 0., 1., 0., 0., 0., 0., 0.,
        0., 0., 0., 0., 0., 0., 1., 0., 0., 0., 0., 1., 0., 0., 0., 0., 0., 0.,
        0., 0., 0., 0., 0., 0., 0., 0., 0., 0., 0., 1., 0., 0., 1., 1., 0., 0.,
        0., 0., 0., 0., 0., 0., 0., 0., 0., 0., 0., 0., 0., 0., 0., 1., 0., 1.,
        0., 0., 0., 0., 0., 0., 0., 0., 1., 0., 0., 0., 0., 0., 0., 0., 0., 0.,
        0., 0., 0., 0., 0., 1., 0., 0., 0., 0., 0., 0., 0., 0., 0., 0., 1., 0.,
        1., 0., 0., 0., 0., 0., 0., 0.])
no trigger
Current real mask attack effect, total_num:772, pred_wrong_num:0
Current real mask attack effect, total_num:774, pred_wrong_num:0
trigger center only
Current real mask attack effect, total_num:772, pred_wrong_num:96
Current real mask attack effect, total_num:774, pred_wrong_num:100
trigger selected
Current real mask attack effect, total_num:772, pred_wrong_num:772
Current real mask attack effect, total_num:774, pred_wrong_num:774
trigger all node
Current real mask attack effect, total_num:772, pred_wrong_num:748
Current real mask attack effect, total_num:774, pred_wrong_num:764
mask: 22 mask_size: tensor(23.)
tensor([0., 0., 0., 0., 0., 0., 0., 0., 0., 0., 0., 0., 0., 0., 1., 0., 0., 0.,
        1., 0., 0., 0., 0., 0., 0., 0., 0., 0., 0., 0., 1., 0., 0., 0., 0., 0.,
        0., 0., 0., 0., 1., 1., 0., 0., 0., 0., 0., 0., 0., 0., 0., 0., 0., 0.,
        0., 0., 0., 1., 0., 0., 0., 0., 0., 1., 1., 1., 0., 0., 0., 0., 0., 1.,
        0., 0., 0., 0., 0., 0., 0., 0., 0., 0., 0., 0., 0., 0., 0., 0., 1., 1.,
        0., 0., 0., 0., 0., 0., 0., 0., 0., 0., 0., 0., 1., 0., 0., 0., 0., 0.,
        0., 0., 0., 0., 0., 0., 0., 0., 0., 0., 0., 0., 0., 0., 0., 0., 0., 0.,
        0., 0., 0., 0., 1., 0., 1., 0., 0., 0., 0., 1., 0., 0., 0., 0., 0., 0.,
        0., 0., 0., 1., 0., 0., 0., 0., 0., 0., 1., 0., 0., 0., 0., 0., 0., 0.,
        0., 0., 0., 0., 1., 0., 0., 0., 0., 0., 0., 0., 0., 0., 0., 0., 0., 0.,
        0., 0., 0., 0., 0., 0., 0., 0., 0., 0., 0., 0., 0., 0., 0., 0., 0., 0.,
        0., 0., 1., 0., 0., 0., 0., 0., 0., 0., 0., 0., 1., 0., 0., 0., 0., 0.,
        0., 0., 0., 1., 0., 1., 0., 0.])
no trigger
Current real mask attack effect, total_num:772, pred_wrong_num:0
Current real mask attack effect, total_num:774, pred_wrong_num:0
trigger center only
Current real mask attack effect, total_num:772, pred_wrong_num:96
Current real mask attack effect, total_num:774, pred_wrong_num:91
trigger selected
Current real mask attack effect, total_num:772, pred_wrong_num:772
Current real mask attack effect, total_num:774, pred_wrong_num:774
trigger all node
Current real mask attack effect, total_num:772, pred_wrong_num:717
Current real mask attack effect, total_num:774, pred_wrong_num:740
mask: 23 mask_size: tensor(24.)
tensor([0., 1., 0., 0., 1., 0., 0., 0., 0., 0., 0., 0., 0., 0., 0., 0., 0., 0.,
        0., 0., 0., 0., 0., 0., 0., 0., 0., 0., 0., 0., 1., 0., 0., 0., 0., 0.,
        0., 0., 0., 0., 1., 1., 0., 0., 0., 1., 0., 0., 0., 0., 0., 0., 0., 0.,
        0., 0., 0., 0., 0., 0., 1., 1., 0., 0., 0., 0., 0., 0., 0., 0., 1., 1.,
        0., 0., 0., 0., 0., 0., 0., 0., 0., 0., 0., 0., 0., 0., 0., 0., 1., 0.,
        0., 0., 1., 0., 0., 0., 0., 0., 0., 0., 0., 0., 0., 0., 1., 0., 0., 0.,
        0., 0., 0., 0., 0., 0., 1., 0., 0., 0., 0., 0., 0., 0., 0., 0., 0., 0.,
        0., 0., 0., 0., 1., 1., 0., 0., 0., 0., 0., 1., 0., 0., 1., 0., 0., 0.,
        0., 0., 0., 0., 0., 0., 0., 0., 0., 0., 0., 0., 0., 0., 0., 0., 0., 0.,
        0., 0., 1., 0., 0., 0., 0., 0., 0., 0., 0., 0., 0., 0., 0., 0., 0., 0.,
        0., 0., 0., 0., 0., 0., 0., 0., 0., 0., 0., 1., 0., 0., 0., 0., 0., 0.,
        0., 0., 0., 0., 0., 0., 0., 1., 0., 0., 1., 0., 1., 0., 0., 0., 0., 0.,
        0., 0., 0., 1., 0., 0., 0., 0.])
no trigger
Current real mask attack effect, total_num:772, pred_wrong_num:0
Current real mask attack effect, total_num:774, pred_wrong_num:0
trigger center only
Current real mask attack effect, total_num:772, pred_wrong_num:82
Current real mask attack effect, total_num:774, pred_wrong_num:93
trigger selected
Current real mask attack effect, total_num:772, pred_wrong_num:772
Current real mask attack effect, total_num:774, pred_wrong_num:774
trigger all node
Current real mask attack effect, total_num:772, pred_wrong_num:697
Current real mask attack effect, total_num:774, pred_wrong_num:718
mask: 24 mask_size: tensor(26.)
tensor([1., 0., 0., 0., 0., 0., 0., 0., 0., 0., 0., 0., 0., 0., 0., 0., 0., 0.,
        0., 0., 1., 0., 0., 0., 0., 0., 1., 0., 1., 0., 0., 1., 0., 0., 0., 0.,
        0., 0., 0., 0., 1., 1., 0., 0., 0., 0., 0., 1., 0., 0., 0., 0., 0., 1.,
        0., 0., 0., 0., 1., 0., 0., 0., 0., 0., 1., 0., 1., 0., 0., 0., 0., 0.,
        0., 0., 0., 0., 0., 0., 0., 0., 0., 0., 0., 0., 0., 1., 0., 0., 0., 0.,
        0., 0., 0., 0., 0., 0., 0., 0., 0., 0., 0., 0., 0., 0., 0., 0., 0., 0.,
        0., 1., 1., 0., 0., 0., 0., 0., 0., 0., 0., 0., 0., 0., 0., 0., 0., 0.,
        1., 0., 0., 0., 0., 1., 0., 0., 0., 0., 0., 0., 0., 0., 0., 0., 0., 0.,
        0., 0., 0., 0., 0., 0., 0., 1., 0., 0., 0., 0., 0., 0., 1., 0., 0., 0.,
        1., 0., 0., 0., 0., 0., 1., 0., 0., 0., 0., 0., 0., 0., 0., 0., 0., 0.,
        0., 0., 0., 0., 0., 0., 1., 0., 0., 1., 0., 1., 0., 0., 0., 0., 0., 0.,
        1., 0., 0., 0., 0., 0., 0., 0., 0., 0., 0., 0., 0., 1., 0., 0., 0., 0.,
        0., 0., 0., 0., 0., 0., 0., 0.])
no trigger
Current real mask attack effect, total_num:772, pred_wrong_num:0
Current real mask attack effect, total_num:774, pred_wrong_num:0
trigger center only
Current real mask attack effect, total_num:772, pred_wrong_num:119
Current real mask attack effect, total_num:774, pred_wrong_num:113
trigger selected
Current real mask attack effect, total_num:772, pred_wrong_num:772
Current real mask attack effect, total_num:774, pred_wrong_num:774
trigger all node
Current real mask attack effect, total_num:772, pred_wrong_num:772
Current real mask attack effect, total_num:774, pred_wrong_num:774
mask: 25 mask_size: tensor(43.)
tensor([0., 0., 0., 0., 0., 0., 1., 0., 1., 0., 1., 0., 0., 1., 0., 0., 0., 0.,
        0., 1., 0., 0., 0., 0., 0., 0., 1., 1., 0., 0., 0., 0., 1., 0., 0., 0.,
        0., 0., 1., 0., 1., 1., 0., 1., 0., 0., 0., 0., 1., 0., 0., 1., 0., 1.,
        1., 1., 1., 0., 1., 0., 0., 0., 0., 0., 1., 0., 0., 0., 0., 0., 1., 0.,
        0., 0., 0., 1., 1., 0., 0., 1., 0., 0., 0., 0., 0., 0., 0., 1., 0., 0.,
        0., 0., 0., 0., 0., 0., 0., 0., 0., 1., 0., 0., 0., 0., 0., 0., 0., 0.,
        0., 0., 0., 0., 0., 0., 0., 0., 0., 0., 1., 0., 0., 0., 0., 1., 0., 0.,
        0., 0., 0., 0., 0., 0., 0., 0., 1., 0., 0., 0., 0., 1., 0., 0., 0., 0.,
        0., 0., 0., 0., 1., 0., 0., 0., 0., 0., 0., 1., 1., 0., 0., 1., 0., 0.,
        0., 0., 0., 0., 0., 0., 1., 0., 0., 0., 0., 0., 0., 0., 0., 0., 0., 0.,
        0., 0., 0., 0., 0., 0., 0., 0., 0., 0., 1., 0., 0., 1., 0., 1., 1., 0.,
        0., 0., 0., 0., 0., 0., 0., 1., 0., 1., 0., 0., 0., 1., 0., 0., 0., 0.,
        0., 1., 0., 0., 0., 0., 0., 0.])
no trigger
Current real mask attack effect, total_num:772, pred_wrong_num:0
Current real mask attack effect, total_num:774, pred_wrong_num:0
trigger center only
Current real mask attack effect, total_num:772, pred_wrong_num:108
Current real mask attack effect, total_num:774, pred_wrong_num:113
trigger selected
Current real mask attack effect, total_num:772, pred_wrong_num:772
Current real mask attack effect, total_num:774, pred_wrong_num:774
trigger all node
Current real mask attack effect, total_num:772, pred_wrong_num:772
Current real mask attack effect, total_num:774, pred_wrong_num:774
mask: 26 mask_size: tensor(28.)
tensor([1., 0., 1., 0., 0., 0., 1., 0., 0., 0., 0., 0., 0., 0., 0., 0., 1., 1.,
        0., 0., 0., 0., 0., 0., 0., 0., 0., 0., 0., 0., 0., 0., 0., 0., 0., 0.,
        0., 0., 0., 0., 1., 1., 0., 0., 0., 1., 0., 1., 1., 0., 1., 0., 0., 0.,
        0., 0., 1., 0., 0., 0., 0., 0., 1., 0., 0., 0., 0., 0., 0., 0., 0., 0.,
        0., 0., 0., 0., 0., 0., 0., 0., 0., 1., 0., 0., 0., 0., 0., 0., 1., 0.,
        0., 0., 0., 0., 0., 0., 0., 0., 0., 1., 0., 0., 0., 0., 0., 0., 0., 0.,
        0., 0., 0., 0., 0., 1., 0., 0., 1., 0., 0., 0., 0., 1., 0., 0., 0., 0.,
        0., 1., 1., 0., 0., 0., 1., 0., 0., 0., 0., 1., 0., 0., 0., 0., 0., 0.,
        0., 0., 0., 0., 0., 0., 0., 1., 0., 0., 0., 0., 0., 0., 0., 0., 0., 0.,
        0., 0., 0., 0., 0., 0., 0., 1., 0., 0., 0., 0., 0., 0., 0., 0., 0., 0.,
        0., 0., 0., 0., 0., 0., 0., 0., 0., 0., 0., 1., 0., 0., 0., 0., 0., 0.,
        0., 0., 0., 0., 0., 0., 0., 0., 1., 0., 0., 0., 0., 0., 0., 0., 0., 0.,
        0., 0., 0., 1., 0., 0., 0., 0.])
no trigger
Current real mask attack effect, total_num:772, pred_wrong_num:0
Current real mask attack effect, total_num:774, pred_wrong_num:0
trigger center only
Current real mask attack effect, total_num:772, pred_wrong_num:106
Current real mask attack effect, total_num:774, pred_wrong_num:102
trigger selected
Current real mask attack effect, total_num:772, pred_wrong_num:772
Current real mask attack effect, total_num:774, pred_wrong_num:774
trigger all node
Current real mask attack effect, total_num:772, pred_wrong_num:752
Current real mask attack effect, total_num:774, pred_wrong_num:764
mask: 27 mask_size: tensor(30.)
tensor([0., 0., 0., 0., 0., 0., 0., 0., 0., 0., 0., 1., 0., 0., 0., 0., 0., 1.,
        0., 0., 0., 0., 1., 0., 0., 0., 0., 0., 1., 0., 0., 0., 0., 0., 0., 1.,
        0., 0., 0., 1., 1., 1., 1., 0., 0., 0., 0., 0., 1., 0., 0., 0., 0., 0.,
        0., 0., 0., 0., 0., 1., 0., 0., 0., 0., 0., 0., 1., 1., 0., 0., 0., 0.,
        0., 1., 0., 0., 0., 0., 0., 0., 0., 0., 0., 0., 0., 0., 0., 0., 0., 0.,
        0., 0., 0., 0., 0., 0., 0., 0., 0., 0., 0., 1., 0., 0., 0., 0., 1., 0.,
        1., 0., 0., 0., 0., 0., 0., 0., 0., 0., 0., 0., 0., 0., 0., 0., 1., 0.,
        0., 0., 0., 0., 0., 1., 0., 0., 0., 0., 0., 0., 0., 0., 0., 0., 0., 0.,
        0., 0., 0., 0., 1., 0., 0., 1., 0., 0., 0., 0., 0., 0., 0., 0., 0., 0.,
        0., 0., 0., 0., 0., 0., 0., 0., 0., 0., 0., 0., 0., 0., 0., 0., 0., 0.,
        0., 0., 0., 0., 0., 0., 0., 0., 0., 1., 0., 0., 0., 0., 0., 0., 0., 0.,
        0., 1., 1., 0., 1., 1., 0., 1., 0., 0., 0., 0., 1., 0., 1., 0., 0., 0.,
        0., 0., 0., 1., 0., 0., 0., 0.])
no trigger
Current real mask attack effect, total_num:772, pred_wrong_num:0
Current real mask attack effect, total_num:774, pred_wrong_num:0
trigger center only
Current real mask attack effect, total_num:772, pred_wrong_num:113
Current real mask attack effect, total_num:774, pred_wrong_num:104
trigger selected
Current real mask attack effect, total_num:772, pred_wrong_num:772
Current real mask attack effect, total_num:774, pred_wrong_num:774
trigger all node
Current real mask attack effect, total_num:772, pred_wrong_num:770
Current real mask attack effect, total_num:774, pred_wrong_num:774
mask: 28 mask_size: tensor(26.)
tensor([0., 0., 1., 0., 0., 0., 0., 1., 0., 0., 1., 0., 0., 0., 0., 0., 0., 0.,
        0., 0., 1., 1., 0., 0., 1., 0., 0., 0., 0., 0., 0., 0., 1., 0., 0., 0.,
        0., 0., 1., 1., 1., 1., 0., 0., 0., 0., 0., 0., 0., 0., 0., 0., 0., 0.,
        0., 0., 0., 0., 0., 0., 0., 0., 0., 0., 0., 0., 0., 0., 0., 0., 0., 0.,
        0., 1., 0., 0., 0., 0., 0., 0., 0., 0., 0., 0., 0., 0., 0., 0., 0., 0.,
        0., 0., 0., 0., 0., 0., 0., 0., 0., 0., 0., 0., 0., 0., 1., 1., 0., 0.,
        0., 0., 0., 0., 1., 0., 0., 0., 1., 0., 0., 0., 1., 1., 0., 0., 0., 0.,
        0., 1., 0., 0., 0., 0., 1., 1., 0., 0., 0., 0., 0., 0., 0., 0., 0., 0.,
        0., 0., 0., 0., 0., 0., 0., 0., 0., 0., 1., 0., 0., 0., 0., 0., 0., 0.,
        0., 0., 0., 0., 0., 0., 0., 0., 0., 0., 0., 0., 0., 0., 1., 0., 0., 1.,
        0., 0., 0., 0., 0., 0., 0., 0., 0., 0., 0., 0., 0., 0., 0., 0., 0., 0.,
        0., 0., 0., 0., 0., 0., 0., 0., 0., 0., 0., 0., 0., 1., 0., 0., 1., 0.,
        0., 0., 0., 0., 0., 0., 0., 0.])
no trigger
Current real mask attack effect, total_num:772, pred_wrong_num:0
Current real mask attack effect, total_num:774, pred_wrong_num:0
trigger center only
Current real mask attack effect, total_num:772, pred_wrong_num:107
Current real mask attack effect, total_num:774, pred_wrong_num:111
trigger selected
Current real mask attack effect, total_num:772, pred_wrong_num:772
Current real mask attack effect, total_num:774, pred_wrong_num:774
trigger all node
Current real mask attack effect, total_num:772, pred_wrong_num:765
Current real mask attack effect, total_num:774, pred_wrong_num:769
mask: 29 mask_size: tensor(46.)
tensor([0., 0., 0., 1., 0., 1., 1., 0., 0., 0., 1., 0., 0., 0., 0., 0., 0., 0.,
        0., 0., 1., 0., 0., 0., 0., 0., 0., 0., 0., 0., 0., 0., 0., 0., 1., 0.,
        0., 0., 0., 0., 1., 1., 0., 0., 0., 0., 0., 0., 0., 1., 0., 0., 0., 0.,
        0., 1., 0., 0., 1., 1., 1., 1., 0., 0., 0., 0., 0., 0., 0., 1., 1., 0.,
        1., 0., 0., 1., 0., 0., 0., 1., 0., 0., 1., 0., 0., 0., 0., 0., 0., 0.,
        0., 1., 0., 0., 0., 0., 0., 0., 0., 0., 1., 0., 0., 0., 0., 1., 0., 0.,
        0., 1., 1., 0., 1., 0., 0., 0., 0., 0., 0., 0., 0., 0., 0., 0., 0., 0.,
        0., 1., 0., 0., 0., 0., 1., 0., 0., 0., 0., 1., 0., 0., 0., 0., 0., 0.,
        1., 0., 0., 0., 0., 0., 1., 1., 0., 0., 0., 1., 0., 0., 0., 0., 0., 0.,
        1., 0., 0., 0., 0., 0., 0., 0., 0., 1., 0., 0., 0., 0., 1., 0., 0., 0.,
        0., 0., 0., 0., 1., 1., 0., 1., 0., 0., 0., 0., 0., 0., 0., 0., 0., 1.,
        0., 1., 0., 0., 0., 1., 0., 0., 1., 1., 0., 1., 0., 0., 0., 0., 0., 1.,
        0., 0., 0., 0., 0., 0., 0., 0.])
no trigger
Current real mask attack effect, total_num:772, pred_wrong_num:0
Current real mask attack effect, total_num:774, pred_wrong_num:0
trigger center only
Current real mask attack effect, total_num:772, pred_wrong_num:113
Current real mask attack effect, total_num:774, pred_wrong_num:105
trigger selected
Current real mask attack effect, total_num:772, pred_wrong_num:772
Current real mask attack effect, total_num:774, pred_wrong_num:774
trigger all node
Current real mask attack effect, total_num:772, pred_wrong_num:772
Current real mask attack effect, total_num:774, pred_wrong_num:774
