Set seed 10
{'model_path': '/home/sample/lkc/MsDroid/src/training/Experiments/20250210-055931/models/last_epoch_200', 'layer_norm': True}
{'benign_path': '/home/sample/lkc/MsDroid/my_code/DataNew/Benign/HOP_2/TPL_True/dataset.pt', 'malware_path': '/home/sample/lkc/MsDroid/my_code/DataNew/Drebin/HOP_2/TPL_True/dataset.pt', 'aux_val_data_dir': 'total_val_data', 'mask_save_dir': 'mask_150_all', 'aux_num': 256, 'val_num': 256, 'seed': 10}
{'max_iters': 2000, 'initial_rho1': 0.0001, 'initial_rho2': 0.0001, 'initial_rho3': 1e-05, 'max_rho1': 50, 'max_rho2': 50, 'max_rho3': 5, 'rho_fact': 1.01, 'k_bits': 150.0, 'stop_threshold': 0.0001, 'projection_lp': 2, 'lambda_mal_loss': 10, 'initial_mask': tensor([0., 0., 0., 0., 0., 0., 0., 0., 0., 0., 0., 0., 0., 0., 0., 0., 0., 0., 0., 0., 0., 0., 0., 0.,
        0., 0., 0., 0., 0., 0., 0., 0., 0., 0., 0., 0., 0., 0., 0., 0., 0., 0., 0., 0., 0., 0., 0., 0.,
        0., 0., 0., 0., 0., 0., 0., 0., 0., 0., 0., 0., 0., 0., 0., 0., 0., 0., 0., 0., 0., 0., 0., 0.,
        0., 0., 0., 0., 0., 0., 0., 0., 0., 0., 0., 0., 0., 0., 0., 0., 0., 0., 0., 0., 0., 0., 0., 0.,
        0., 0., 0., 0., 0., 0., 0., 0., 0., 0., 0., 0., 0., 0., 0., 0., 0., 0., 0., 0., 0., 0., 0., 0.,
        0., 0., 0., 0., 0., 0., 0., 0., 0., 0., 0., 0., 0., 0., 0., 0., 0., 0., 0., 0., 0., 0., 0., 0.,
        0., 0., 0., 0., 0., 0., 0., 0., 0., 0., 0., 0., 0., 0., 0., 0., 0., 0., 0., 0., 0., 0., 0., 0.,
        0., 0., 0., 0., 0., 0., 0., 0., 0., 0., 0., 0., 0., 0., 0., 0., 0., 0., 0., 0., 0., 0., 0., 0.,
        0., 0., 0., 0., 0., 0., 0., 0., 0., 0., 0., 0., 0., 0., 0., 0., 0., 0., 0., 0., 0., 0., 0., 0.,
        0., 0., 0., 0., 0., 0., 0., 0.]), 'ben_embds_each_epoch': 256, 'eval_iter': 10, 'attack_node_type': 'all'}
[+] Seed set 10
[+] Load Model Done
aux, val , load
aux, val , load
mask: 0 mask_size: tensor(4.)
tensor([0., 0., 0., 0., 0., 0., 0., 0., 0., 0., 0., 0., 0., 0., 0., 0., 0., 0.,
        0., 0., 0., 0., 0., 0., 0., 0., 0., 0., 0., 0., 0., 0., 0., 0., 0., 0.,
        0., 0., 0., 0., 1., 1., 0., 0., 0., 0., 0., 0., 0., 0., 0., 0., 0., 0.,
        0., 0., 0., 0., 0., 0., 0., 0., 0., 0., 0., 0., 0., 0., 0., 0., 0., 0.,
        0., 0., 0., 0., 0., 0., 0., 0., 0., 0., 0., 0., 0., 0., 0., 0., 0., 0.,
        0., 0., 0., 0., 0., 0., 0., 0., 0., 0., 0., 0., 0., 0., 0., 0., 0., 0.,
        0., 0., 0., 0., 0., 0., 0., 0., 1., 0., 0., 0., 0., 0., 0., 0., 0., 0.,
        0., 0., 0., 0., 0., 0., 0., 0., 0., 0., 0., 1., 0., 0., 0., 0., 0., 0.,
        0., 0., 0., 0., 0., 0., 0., 0., 0., 0., 0., 0., 0., 0., 0., 0., 0., 0.,
        0., 0., 0., 0., 0., 0., 0., 0., 0., 0., 0., 0., 0., 0., 0., 0., 0., 0.,
        0., 0., 0., 0., 0., 0., 0., 0., 0., 0., 0., 0., 0., 0., 0., 0., 0., 0.,
        0., 0., 0., 0., 0., 0., 0., 0., 0., 0., 0., 0., 0., 0., 0., 0., 0., 0.,
        0., 0., 0., 0., 0., 0., 0., 0.])
no trigger
Total mal apk num:256, correct num:255.0, ratio:0.99609375
Total mal apk num:256, correct num:254.0, ratio:0.9921875
trigger center only
Total mal apk num:256, correct num:249.0, ratio:0.97265625
Total mal apk num:256, correct num:250.0, ratio:0.9765625
trigger selected
Total mal apk num:256, correct num:162.0, ratio:0.6328125
Total mal apk num:256, correct num:147.0, ratio:0.57421875
trigger all node
Total mal apk num:256, correct num:205.0, ratio:0.80078125
Total mal apk num:256, correct num:193.0, ratio:0.75390625
mask: 1 mask_size: tensor(6.)
tensor([0., 0., 0., 0., 0., 0., 0., 0., 0., 0., 0., 0., 0., 0., 0., 0., 0., 0.,
        0., 0., 0., 0., 0., 0., 0., 0., 0., 0., 0., 0., 0., 0., 0., 0., 0., 0.,
        0., 0., 0., 0., 1., 1., 0., 0., 0., 0., 0., 0., 0., 0., 0., 0., 0., 0.,
        0., 0., 0., 0., 0., 0., 0., 0., 0., 0., 0., 0., 0., 0., 0., 0., 0., 0.,
        0., 0., 0., 0., 0., 0., 0., 0., 0., 0., 0., 0., 0., 0., 0., 0., 0., 0.,
        0., 0., 0., 0., 0., 0., 0., 0., 0., 0., 0., 0., 0., 0., 0., 0., 0., 0.,
        0., 0., 0., 0., 0., 0., 0., 0., 0., 0., 0., 0., 0., 0., 0., 0., 0., 0.,
        0., 0., 0., 0., 0., 0., 0., 0., 0., 0., 0., 0., 0., 0., 0., 0., 0., 0.,
        0., 0., 0., 0., 0., 0., 1., 0., 0., 0., 0., 0., 0., 0., 0., 0., 0., 0.,
        0., 0., 0., 0., 0., 0., 0., 0., 0., 1., 0., 0., 0., 0., 0., 0., 0., 0.,
        0., 0., 0., 0., 1., 0., 0., 0., 0., 0., 0., 0., 0., 0., 0., 1., 0., 0.,
        0., 0., 0., 0., 0., 0., 0., 0., 0., 0., 0., 0., 0., 0., 0., 0., 0., 0.,
        0., 0., 0., 0., 0., 0., 0., 0.])
no trigger
Total mal apk num:256, correct num:255.0, ratio:0.99609375
Total mal apk num:256, correct num:254.0, ratio:0.9921875
trigger center only
Total mal apk num:256, correct num:249.0, ratio:0.97265625
Total mal apk num:256, correct num:247.0, ratio:0.96484375
trigger selected
Total mal apk num:256, correct num:75.0, ratio:0.29296875
Total mal apk num:256, correct num:63.0, ratio:0.24609375
trigger all node
Total mal apk num:256, correct num:145.0, ratio:0.56640625
Total mal apk num:256, correct num:128.0, ratio:0.5
mask: 2 mask_size: tensor(6.)
tensor([0., 0., 0., 0., 0., 0., 0., 0., 0., 0., 0., 0., 0., 0., 0., 1., 0., 0.,
        0., 0., 0., 1., 0., 0., 0., 0., 0., 0., 0., 0., 0., 0., 0., 0., 0., 0.,
        0., 0., 0., 0., 1., 1., 0., 0., 0., 0., 0., 0., 0., 0., 0., 0., 0., 0.,
        0., 0., 0., 0., 0., 0., 0., 0., 0., 0., 0., 0., 0., 0., 0., 0., 0., 0.,
        0., 0., 0., 0., 0., 0., 0., 0., 0., 0., 0., 0., 0., 0., 0., 0., 0., 0.,
        0., 0., 0., 0., 0., 0., 0., 0., 0., 0., 0., 0., 0., 0., 0., 0., 0., 0.,
        0., 0., 0., 0., 0., 0., 0., 0., 0., 0., 0., 0., 0., 0., 0., 0., 0., 0.,
        0., 0., 0., 0., 0., 0., 0., 0., 0., 0., 0., 0., 0., 0., 0., 0., 0., 0.,
        0., 0., 0., 0., 0., 0., 0., 0., 0., 0., 0., 0., 0., 0., 0., 0., 0., 0.,
        0., 0., 0., 0., 0., 0., 0., 0., 0., 0., 0., 0., 0., 0., 0., 0., 0., 0.,
        0., 0., 0., 0., 0., 0., 0., 0., 0., 0., 0., 0., 0., 0., 0., 0., 0., 0.,
        0., 0., 0., 0., 1., 0., 0., 0., 0., 0., 0., 0., 0., 0., 0., 0., 0., 0.,
        0., 0., 0., 0., 0., 1., 0., 0.])
no trigger
Total mal apk num:256, correct num:255.0, ratio:0.99609375
Total mal apk num:256, correct num:254.0, ratio:0.9921875
trigger center only
Total mal apk num:256, correct num:252.0, ratio:0.984375
Total mal apk num:256, correct num:251.0, ratio:0.98046875
trigger selected
Total mal apk num:256, correct num:146.0, ratio:0.5703125
Total mal apk num:256, correct num:143.0, ratio:0.55859375
trigger all node
Total mal apk num:256, correct num:205.0, ratio:0.80078125
Total mal apk num:256, correct num:196.0, ratio:0.765625
mask: 3 mask_size: tensor(3.)
tensor([0., 0., 0., 0., 0., 0., 0., 0., 0., 0., 0., 0., 0., 0., 0., 0., 0., 0.,
        0., 0., 0., 0., 0., 0., 0., 0., 0., 0., 0., 0., 0., 0., 0., 0., 0., 0.,
        0., 0., 0., 0., 1., 1., 0., 0., 0., 0., 0., 0., 0., 0., 0., 0., 0., 0.,
        0., 0., 0., 0., 0., 0., 0., 0., 0., 0., 0., 0., 0., 0., 0., 0., 0., 0.,
        0., 0., 0., 0., 0., 0., 0., 0., 0., 0., 0., 0., 0., 0., 0., 0., 0., 0.,
        0., 0., 0., 0., 0., 0., 0., 0., 0., 0., 0., 0., 0., 0., 0., 0., 0., 0.,
        0., 0., 0., 0., 0., 0., 0., 0., 0., 0., 0., 0., 0., 0., 0., 0., 0., 0.,
        0., 0., 0., 0., 0., 0., 0., 0., 0., 0., 0., 0., 0., 0., 0., 0., 0., 0.,
        0., 0., 0., 0., 0., 0., 0., 0., 0., 0., 0., 0., 0., 0., 0., 0., 0., 0.,
        0., 0., 0., 0., 0., 0., 0., 0., 0., 0., 0., 0., 0., 0., 0., 0., 0., 1.,
        0., 0., 0., 0., 0., 0., 0., 0., 0., 0., 0., 0., 0., 0., 0., 0., 0., 0.,
        0., 0., 0., 0., 0., 0., 0., 0., 0., 0., 0., 0., 0., 0., 0., 0., 0., 0.,
        0., 0., 0., 0., 0., 0., 0., 0.])
no trigger
Total mal apk num:256, correct num:255.0, ratio:0.99609375
Total mal apk num:256, correct num:254.0, ratio:0.9921875
trigger center only
Total mal apk num:256, correct num:254.0, ratio:0.9921875
Total mal apk num:256, correct num:254.0, ratio:0.9921875
trigger selected
Total mal apk num:256, correct num:212.0, ratio:0.828125
Total mal apk num:256, correct num:209.0, ratio:0.81640625
trigger all node
Total mal apk num:256, correct num:221.0, ratio:0.86328125
Total mal apk num:256, correct num:212.0, ratio:0.828125
mask: 4 mask_size: tensor(2.)
tensor([0., 0., 0., 0., 0., 0., 0., 0., 0., 0., 0., 0., 0., 0., 0., 0., 0., 0.,
        0., 0., 0., 0., 0., 0., 0., 0., 0., 0., 0., 0., 0., 0., 0., 0., 0., 0.,
        0., 0., 0., 0., 1., 1., 0., 0., 0., 0., 0., 0., 0., 0., 0., 0., 0., 0.,
        0., 0., 0., 0., 0., 0., 0., 0., 0., 0., 0., 0., 0., 0., 0., 0., 0., 0.,
        0., 0., 0., 0., 0., 0., 0., 0., 0., 0., 0., 0., 0., 0., 0., 0., 0., 0.,
        0., 0., 0., 0., 0., 0., 0., 0., 0., 0., 0., 0., 0., 0., 0., 0., 0., 0.,
        0., 0., 0., 0., 0., 0., 0., 0., 0., 0., 0., 0., 0., 0., 0., 0., 0., 0.,
        0., 0., 0., 0., 0., 0., 0., 0., 0., 0., 0., 0., 0., 0., 0., 0., 0., 0.,
        0., 0., 0., 0., 0., 0., 0., 0., 0., 0., 0., 0., 0., 0., 0., 0., 0., 0.,
        0., 0., 0., 0., 0., 0., 0., 0., 0., 0., 0., 0., 0., 0., 0., 0., 0., 0.,
        0., 0., 0., 0., 0., 0., 0., 0., 0., 0., 0., 0., 0., 0., 0., 0., 0., 0.,
        0., 0., 0., 0., 0., 0., 0., 0., 0., 0., 0., 0., 0., 0., 0., 0., 0., 0.,
        0., 0., 0., 0., 0., 0., 0., 0.])
no trigger
Total mal apk num:256, correct num:255.0, ratio:0.99609375
Total mal apk num:256, correct num:254.0, ratio:0.9921875
trigger center only
Total mal apk num:256, correct num:254.0, ratio:0.9921875
Total mal apk num:256, correct num:253.0, ratio:0.98828125
trigger selected
Total mal apk num:256, correct num:213.0, ratio:0.83203125
Total mal apk num:256, correct num:211.0, ratio:0.82421875
trigger all node
Total mal apk num:256, correct num:217.0, ratio:0.84765625
Total mal apk num:256, correct num:213.0, ratio:0.83203125
mask: 5 mask_size: tensor(11.)
tensor([0., 0., 0., 0., 0., 0., 0., 0., 0., 0., 0., 0., 0., 0., 0., 0., 1., 0.,
        0., 0., 0., 0., 0., 0., 0., 0., 0., 0., 0., 0., 0., 0., 0., 0., 0., 0.,
        0., 0., 0., 0., 1., 1., 0., 0., 0., 0., 0., 0., 0., 0., 0., 1., 0., 0.,
        0., 0., 0., 0., 0., 0., 0., 0., 0., 0., 0., 0., 0., 0., 0., 0., 0., 0.,
        0., 0., 0., 1., 0., 0., 0., 0., 0., 0., 0., 0., 0., 0., 0., 0., 0., 1.,
        0., 0., 0., 0., 0., 0., 0., 0., 0., 0., 0., 0., 0., 1., 0., 0., 0., 0.,
        0., 0., 0., 0., 0., 0., 0., 1., 1., 0., 0., 0., 0., 0., 0., 0., 0., 0.,
        0., 0., 0., 0., 0., 0., 0., 0., 0., 0., 0., 0., 0., 0., 0., 0., 0., 0.,
        0., 0., 0., 0., 0., 0., 0., 0., 0., 0., 0., 0., 0., 1., 0., 0., 0., 0.,
        0., 0., 0., 0., 0., 0., 0., 0., 0., 0., 0., 0., 0., 0., 0., 0., 0., 0.,
        0., 0., 0., 0., 0., 0., 0., 0., 0., 0., 0., 0., 0., 0., 0., 0., 0., 0.,
        0., 0., 0., 0., 0., 0., 0., 0., 0., 0., 0., 0., 0., 0., 0., 0., 0., 0.,
        0., 1., 0., 0., 0., 0., 0., 0.])
no trigger
Total mal apk num:256, correct num:255.0, ratio:0.99609375
Total mal apk num:256, correct num:254.0, ratio:0.9921875
trigger center only
Total mal apk num:256, correct num:244.0, ratio:0.953125
Total mal apk num:256, correct num:245.0, ratio:0.95703125
trigger selected
Total mal apk num:256, correct num:12.0, ratio:0.046875
Total mal apk num:256, correct num:7.0, ratio:0.02734375
trigger all node
Total mal apk num:256, correct num:44.0, ratio:0.171875
Total mal apk num:256, correct num:34.0, ratio:0.1328125
mask: 6 mask_size: tensor(12.)
tensor([0., 0., 0., 0., 0., 0., 0., 0., 0., 0., 0., 0., 0., 0., 0., 0., 0., 0.,
        0., 0., 0., 0., 0., 1., 0., 0., 0., 0., 0., 0., 0., 0., 1., 0., 0., 0.,
        0., 0., 0., 0., 1., 1., 0., 0., 0., 0., 0., 0., 0., 0., 0., 0., 0., 0.,
        0., 0., 0., 0., 0., 0., 0., 1., 0., 0., 0., 0., 0., 0., 0., 0., 0., 0.,
        0., 0., 0., 0., 0., 1., 0., 0., 0., 0., 0., 0., 0., 0., 0., 0., 0., 0.,
        0., 0., 0., 0., 1., 0., 0., 0., 0., 0., 0., 0., 0., 0., 0., 0., 0., 0.,
        0., 0., 0., 0., 0., 0., 0., 0., 0., 0., 1., 0., 0., 0., 0., 0., 1., 0.,
        0., 0., 0., 0., 0., 0., 0., 0., 0., 0., 0., 0., 0., 0., 0., 0., 0., 0.,
        0., 0., 0., 0., 0., 0., 0., 0., 0., 0., 0., 0., 0., 0., 0., 0., 0., 0.,
        0., 0., 0., 0., 0., 0., 0., 0., 0., 0., 0., 0., 0., 0., 0., 0., 0., 0.,
        0., 0., 0., 0., 0., 1., 0., 1., 0., 0., 0., 0., 0., 0., 0., 0., 0., 0.,
        0., 0., 0., 0., 0., 0., 0., 1., 0., 0., 0., 0., 0., 0., 0., 0., 0., 0.,
        0., 0., 0., 0., 0., 0., 0., 0.])
no trigger
Total mal apk num:256, correct num:255.0, ratio:0.99609375
Total mal apk num:256, correct num:254.0, ratio:0.9921875
trigger center only
Total mal apk num:256, correct num:248.0, ratio:0.96875
Total mal apk num:256, correct num:247.0, ratio:0.96484375
trigger selected
Total mal apk num:256, correct num:28.0, ratio:0.109375
Total mal apk num:256, correct num:18.0, ratio:0.0703125
trigger all node
Total mal apk num:256, correct num:101.0, ratio:0.39453125
Total mal apk num:256, correct num:83.0, ratio:0.32421875
mask: 7 mask_size: tensor(6.)
tensor([0., 0., 0., 0., 0., 0., 0., 0., 0., 0., 0., 0., 0., 0., 0., 0., 0., 0.,
        0., 0., 0., 0., 0., 0., 0., 0., 0., 0., 0., 0., 0., 0., 0., 0., 0., 0.,
        0., 0., 0., 0., 1., 1., 0., 0., 0., 0., 0., 0., 0., 0., 0., 0., 0., 0.,
        0., 0., 0., 1., 0., 0., 0., 0., 0., 0., 0., 0., 0., 0., 0., 0., 0., 0.,
        0., 0., 0., 0., 0., 0., 0., 0., 0., 0., 0., 0., 0., 0., 0., 0., 0., 0.,
        0., 0., 0., 0., 0., 0., 0., 0., 0., 0., 0., 0., 0., 0., 0., 0., 0., 0.,
        0., 0., 0., 0., 0., 0., 0., 0., 0., 0., 0., 0., 0., 0., 0., 1., 0., 0.,
        0., 0., 0., 0., 0., 0., 0., 0., 0., 0., 0., 0., 0., 0., 0., 0., 0., 0.,
        0., 0., 0., 0., 0., 0., 0., 0., 1., 0., 0., 0., 0., 0., 0., 0., 0., 0.,
        0., 0., 0., 0., 0., 0., 0., 0., 0., 0., 0., 0., 0., 0., 0., 0., 0., 0.,
        0., 0., 0., 0., 0., 0., 0., 0., 0., 0., 0., 0., 0., 0., 0., 0., 1., 0.,
        0., 0., 0., 0., 0., 0., 0., 0., 0., 0., 0., 0., 0., 0., 0., 0., 0., 0.,
        0., 0., 0., 0., 0., 0., 0., 0.])
no trigger
Total mal apk num:256, correct num:255.0, ratio:0.99609375
Total mal apk num:256, correct num:254.0, ratio:0.9921875
trigger center only
Total mal apk num:256, correct num:251.0, ratio:0.98046875
Total mal apk num:256, correct num:249.0, ratio:0.97265625
trigger selected
Total mal apk num:256, correct num:141.0, ratio:0.55078125
Total mal apk num:256, correct num:133.0, ratio:0.51953125
trigger all node
Total mal apk num:256, correct num:197.0, ratio:0.76953125
Total mal apk num:256, correct num:195.0, ratio:0.76171875
mask: 8 mask_size: tensor(13.)
tensor([0., 0., 0., 0., 0., 1., 0., 0., 0., 0., 0., 0., 0., 0., 0., 1., 0., 0.,
        0., 0., 0., 1., 0., 0., 0., 0., 0., 0., 0., 0., 0., 0., 0., 0., 0., 0.,
        0., 0., 1., 0., 1., 1., 0., 0., 0., 0., 0., 0., 0., 0., 0., 0., 0., 0.,
        0., 0., 0., 0., 0., 0., 0., 0., 0., 0., 0., 0., 0., 0., 0., 0., 0., 0.,
        0., 0., 0., 0., 0., 0., 0., 0., 0., 0., 0., 0., 0., 0., 0., 0., 1., 0.,
        0., 0., 0., 0., 0., 0., 0., 0., 1., 0., 0., 0., 0., 0., 0., 0., 0., 0.,
        0., 0., 0., 0., 0., 0., 0., 0., 0., 0., 0., 0., 0., 0., 0., 0., 0., 0.,
        0., 0., 0., 0., 0., 1., 0., 0., 0., 1., 0., 0., 0., 0., 0., 0., 0., 0.,
        1., 0., 0., 0., 0., 0., 0., 0., 0., 0., 0., 0., 0., 0., 0., 0., 0., 0.,
        1., 0., 0., 0., 0., 0., 0., 0., 0., 0., 0., 0., 0., 0., 0., 0., 0., 0.,
        0., 0., 0., 0., 0., 0., 1., 0., 0., 0., 0., 0., 0., 0., 0., 0., 0., 0.,
        0., 0., 0., 0., 0., 0., 0., 0., 0., 0., 0., 0., 0., 0., 0., 0., 0., 0.,
        0., 0., 0., 0., 0., 0., 0., 0.])
no trigger
Total mal apk num:256, correct num:255.0, ratio:0.99609375
Total mal apk num:256, correct num:254.0, ratio:0.9921875
trigger center only
Total mal apk num:256, correct num:243.0, ratio:0.94921875
Total mal apk num:256, correct num:245.0, ratio:0.95703125
trigger selected
Total mal apk num:256, correct num:22.0, ratio:0.0859375
Total mal apk num:256, correct num:26.0, ratio:0.1015625
trigger all node
Total mal apk num:256, correct num:72.0, ratio:0.28125
Total mal apk num:256, correct num:73.0, ratio:0.28515625
mask: 9 mask_size: tensor(12.)
tensor([0., 0., 0., 0., 0., 0., 0., 0., 0., 0., 0., 0., 0., 0., 0., 0., 0., 0.,
        0., 0., 0., 0., 0., 0., 0., 0., 0., 0., 0., 0., 0., 0., 0., 0., 0., 0.,
        0., 0., 0., 0., 1., 1., 0., 0., 0., 0., 0., 0., 0., 0., 0., 0., 0., 0.,
        0., 0., 0., 0., 0., 0., 0., 0., 1., 0., 0., 0., 0., 0., 0., 0., 0., 0.,
        0., 0., 0., 0., 0., 0., 0., 0., 0., 0., 0., 0., 0., 0., 0., 0., 0., 0.,
        0., 0., 0., 0., 1., 0., 0., 0., 0., 0., 0., 0., 0., 0., 0., 0., 0., 0.,
        0., 1., 0., 0., 0., 0., 0., 0., 0., 0., 0., 1., 0., 0., 0., 0., 0., 0.,
        0., 0., 0., 0., 1., 0., 1., 0., 0., 0., 0., 0., 0., 0., 0., 1., 0., 1.,
        0., 0., 0., 0., 0., 0., 0., 0., 0., 0., 0., 0., 0., 0., 0., 0., 0., 0.,
        1., 0., 0., 0., 0., 0., 0., 0., 0., 0., 0., 0., 0., 0., 1., 0., 0., 0.,
        0., 0., 0., 0., 0., 0., 0., 0., 0., 0., 0., 0., 0., 0., 0., 0., 0., 0.,
        0., 0., 0., 0., 0., 0., 0., 0., 0., 0., 0., 0., 0., 0., 0., 0., 0., 0.,
        0., 0., 0., 0., 0., 0., 0., 0.])
no trigger
Total mal apk num:256, correct num:255.0, ratio:0.99609375
Total mal apk num:256, correct num:254.0, ratio:0.9921875
trigger center only
Total mal apk num:256, correct num:249.0, ratio:0.97265625
Total mal apk num:256, correct num:246.0, ratio:0.9609375
trigger selected
Total mal apk num:256, correct num:11.0, ratio:0.04296875
Total mal apk num:256, correct num:7.0, ratio:0.02734375
trigger all node
Total mal apk num:256, correct num:46.0, ratio:0.1796875
Total mal apk num:256, correct num:37.0, ratio:0.14453125
mask: 10 mask_size: tensor(19.)
tensor([0., 0., 0., 0., 0., 0., 0., 0., 0., 0., 0., 1., 0., 0., 1., 0., 1., 0.,
        0., 0., 0., 0., 0., 0., 0., 0., 0., 0., 0., 0., 0., 0., 0., 0., 0., 0.,
        0., 0., 0., 0., 1., 1., 0., 0., 0., 0., 0., 0., 0., 0., 0., 1., 0., 0.,
        0., 0., 0., 0., 0., 0., 0., 0., 0., 0., 0., 0., 1., 0., 0., 0., 0., 0.,
        0., 0., 0., 0., 0., 0., 0., 0., 0., 0., 0., 0., 1., 0., 0., 0., 0., 0.,
        0., 0., 0., 0., 0., 0., 0., 0., 0., 0., 0., 0., 0., 0., 0., 0., 0., 0.,
        1., 0., 0., 1., 0., 0., 0., 0., 0., 0., 0., 0., 0., 0., 0., 0., 0., 0.,
        0., 0., 0., 1., 1., 0., 0., 0., 0., 0., 0., 0., 0., 0., 0., 0., 0., 0.,
        0., 0., 0., 0., 0., 1., 0., 0., 0., 0., 0., 1., 0., 0., 0., 0., 0., 0.,
        0., 0., 0., 0., 0., 0., 0., 0., 0., 0., 0., 0., 1., 0., 0., 0., 0., 1.,
        0., 0., 1., 0., 0., 0., 0., 0., 0., 0., 0., 1., 0., 0., 0., 0., 0., 0.,
        0., 0., 0., 0., 0., 0., 0., 0., 0., 0., 0., 0., 0., 0., 0., 0., 0., 0.,
        0., 0., 1., 0., 0., 0., 0., 0.])
no trigger
Total mal apk num:256, correct num:255.0, ratio:0.99609375
Total mal apk num:256, correct num:254.0, ratio:0.9921875
trigger center only
Total mal apk num:256, correct num:245.0, ratio:0.95703125
Total mal apk num:256, correct num:245.0, ratio:0.95703125
trigger selected
Total mal apk num:256, correct num:11.0, ratio:0.04296875
Total mal apk num:256, correct num:8.0, ratio:0.03125
trigger all node
Total mal apk num:256, correct num:39.0, ratio:0.15234375
Total mal apk num:256, correct num:29.0, ratio:0.11328125
mask: 11 mask_size: tensor(13.)
tensor([0., 0., 0., 0., 0., 0., 0., 0., 0., 1., 0., 0., 0., 0., 0., 0., 0., 0.,
        0., 0., 0., 1., 0., 0., 0., 0., 0., 0., 0., 0., 0., 0., 0., 0., 0., 0.,
        0., 0., 0., 0., 1., 1., 0., 0., 1., 0., 0., 0., 0., 0., 0., 0., 0., 0.,
        0., 0., 1., 1., 0., 0., 0., 0., 1., 0., 0., 0., 0., 0., 0., 0., 0., 0.,
        0., 0., 0., 0., 0., 0., 0., 0., 0., 0., 0., 0., 0., 0., 0., 0., 0., 0.,
        0., 0., 0., 0., 1., 0., 0., 0., 0., 0., 0., 0., 0., 0., 0., 0., 0., 0.,
        0., 0., 0., 0., 0., 0., 0., 0., 0., 0., 0., 0., 0., 0., 1., 0., 0., 0.,
        0., 0., 0., 0., 0., 0., 0., 0., 0., 0., 0., 0., 0., 0., 0., 0., 0., 0.,
        0., 0., 0., 1., 0., 0., 0., 0., 0., 0., 0., 0., 0., 0., 0., 0., 0., 0.,
        0., 0., 0., 0., 0., 0., 0., 1., 0., 0., 0., 0., 0., 0., 0., 0., 0., 0.,
        0., 0., 0., 0., 0., 0., 0., 0., 0., 0., 0., 0., 0., 0., 0., 0., 0., 0.,
        0., 0., 0., 0., 0., 0., 0., 0., 0., 0., 0., 0., 0., 0., 0., 0., 1., 0.,
        0., 0., 0., 0., 0., 0., 0., 0.])
no trigger
Total mal apk num:256, correct num:255.0, ratio:0.99609375
Total mal apk num:256, correct num:254.0, ratio:0.9921875
trigger center only
Total mal apk num:256, correct num:244.0, ratio:0.953125
Total mal apk num:256, correct num:245.0, ratio:0.95703125
trigger selected
Total mal apk num:256, correct num:16.0, ratio:0.0625
Total mal apk num:256, correct num:8.0, ratio:0.03125
trigger all node
Total mal apk num:256, correct num:68.0, ratio:0.265625
Total mal apk num:256, correct num:58.0, ratio:0.2265625
mask: 12 mask_size: tensor(15.)
tensor([0., 0., 0., 0., 0., 0., 0., 0., 0., 0., 0., 0., 0., 0., 0., 0., 0., 0.,
        0., 0., 0., 0., 0., 0., 0., 0., 0., 0., 0., 0., 0., 0., 1., 0., 0., 0.,
        0., 0., 0., 0., 1., 1., 0., 0., 0., 0., 0., 0., 0., 0., 0., 0., 0., 0.,
        0., 0., 0., 0., 0., 0., 0., 1., 0., 0., 0., 0., 0., 1., 0., 0., 0., 0.,
        0., 0., 0., 0., 0., 0., 1., 0., 0., 0., 0., 0., 0., 0., 0., 0., 0., 0.,
        0., 0., 0., 0., 0., 0., 0., 0., 0., 0., 0., 0., 0., 0., 0., 0., 0., 0.,
        0., 0., 0., 0., 0., 0., 0., 0., 0., 0., 0., 0., 0., 0., 0., 0., 0., 0.,
        0., 0., 1., 0., 0., 0., 0., 0., 0., 0., 0., 0., 0., 0., 1., 0., 0., 0.,
        0., 0., 1., 1., 0., 0., 0., 0., 0., 0., 0., 0., 0., 0., 1., 0., 0., 0.,
        0., 0., 0., 0., 0., 1., 0., 0., 0., 0., 0., 0., 1., 0., 0., 0., 0., 0.,
        0., 0., 0., 0., 0., 0., 0., 0., 0., 0., 0., 0., 0., 0., 0., 0., 0., 0.,
        0., 0., 0., 0., 0., 0., 1., 0., 0., 0., 0., 0., 0., 0., 0., 0., 0., 0.,
        0., 0., 0., 0., 0., 0., 0., 1.])
no trigger
Total mal apk num:256, correct num:255.0, ratio:0.99609375
Total mal apk num:256, correct num:254.0, ratio:0.9921875
trigger center only
Total mal apk num:256, correct num:247.0, ratio:0.96484375
Total mal apk num:256, correct num:246.0, ratio:0.9609375
trigger selected
Total mal apk num:256, correct num:14.0, ratio:0.0546875
Total mal apk num:256, correct num:8.0, ratio:0.03125
trigger all node
Total mal apk num:256, correct num:65.0, ratio:0.25390625
Total mal apk num:256, correct num:45.0, ratio:0.17578125
mask: 13 mask_size: tensor(16.)
tensor([0., 0., 0., 0., 0., 1., 0., 0., 0., 0., 0., 0., 0., 0., 0., 0., 0., 0.,
        0., 0., 1., 0., 0., 0., 0., 1., 0., 0., 0., 0., 0., 0., 0., 0., 0., 0.,
        0., 1., 1., 0., 1., 1., 0., 0., 0., 0., 0., 0., 0., 0., 0., 0., 0., 0.,
        0., 0., 0., 0., 0., 0., 0., 1., 0., 0., 0., 0., 0., 0., 0., 0., 0., 0.,
        0., 0., 0., 0., 0., 0., 0., 0., 0., 0., 0., 0., 0., 0., 0., 1., 0., 0.,
        0., 0., 0., 0., 0., 0., 0., 0., 0., 0., 0., 0., 0., 0., 0., 0., 0., 0.,
        0., 0., 0., 0., 0., 0., 0., 0., 0., 0., 0., 0., 0., 0., 0., 0., 0., 0.,
        0., 1., 1., 0., 0., 0., 0., 0., 0., 0., 0., 0., 0., 0., 0., 0., 0., 0.,
        0., 1., 0., 0., 0., 0., 0., 0., 0., 0., 0., 0., 0., 0., 0., 0., 0., 0.,
        0., 0., 0., 0., 0., 0., 1., 0., 0., 0., 0., 0., 0., 0., 0., 0., 0., 0.,
        0., 0., 0., 0., 0., 0., 0., 0., 0., 0., 0., 1., 0., 0., 0., 0., 0., 0.,
        0., 0., 0., 0., 0., 1., 0., 0., 0., 0., 1., 0., 0., 0., 0., 0., 0., 0.,
        0., 0., 0., 0., 0., 0., 0., 0.])
no trigger
Total mal apk num:256, correct num:255.0, ratio:0.99609375
Total mal apk num:256, correct num:254.0, ratio:0.9921875
trigger center only
Total mal apk num:256, correct num:246.0, ratio:0.9609375
Total mal apk num:256, correct num:245.0, ratio:0.95703125
trigger selected
Total mal apk num:256, correct num:0.0, ratio:0.0
Total mal apk num:256, correct num:0.0, ratio:0.0
trigger all node
Total mal apk num:256, correct num:16.0, ratio:0.0625
Total mal apk num:256, correct num:7.0, ratio:0.02734375
mask: 14 mask_size: tensor(11.)
tensor([0., 0., 0., 0., 0., 0., 0., 0., 0., 0., 0., 0., 0., 0., 0., 0., 0., 0.,
        0., 0., 0., 0., 0., 0., 0., 0., 0., 0., 0., 0., 1., 0., 0., 0., 0., 0.,
        0., 0., 0., 0., 1., 1., 0., 0., 0., 0., 0., 0., 0., 0., 0., 0., 0., 1.,
        0., 0., 1., 0., 1., 0., 0., 0., 0., 0., 0., 0., 0., 0., 0., 0., 0., 0.,
        0., 0., 0., 0., 0., 0., 0., 0., 0., 0., 0., 1., 0., 0., 0., 0., 0., 0.,
        0., 0., 0., 0., 0., 0., 0., 0., 0., 0., 0., 0., 0., 0., 0., 0., 0., 0.,
        0., 1., 0., 0., 0., 0., 0., 0., 0., 0., 0., 1., 0., 0., 0., 0., 0., 0.,
        0., 0., 0., 0., 0., 0., 0., 0., 0., 1., 0., 0., 0., 0., 0., 0., 0., 0.,
        0., 0., 0., 0., 0., 0., 0., 0., 0., 0., 0., 0., 0., 0., 0., 0., 0., 0.,
        0., 0., 0., 0., 0., 0., 0., 0., 0., 0., 0., 0., 0., 0., 0., 0., 0., 0.,
        0., 0., 0., 0., 0., 0., 0., 0., 0., 0., 0., 0., 0., 0., 0., 0., 0., 0.,
        0., 0., 0., 0., 0., 0., 0., 0., 0., 0., 0., 0., 0., 0., 0., 0., 0., 1.,
        0., 0., 0., 0., 0., 0., 0., 0.])
no trigger
Total mal apk num:256, correct num:255.0, ratio:0.99609375
Total mal apk num:256, correct num:254.0, ratio:0.9921875
trigger center only
Total mal apk num:256, correct num:252.0, ratio:0.984375
Total mal apk num:256, correct num:250.0, ratio:0.9765625
trigger selected
Total mal apk num:256, correct num:162.0, ratio:0.6328125
Total mal apk num:256, correct num:163.0, ratio:0.63671875
trigger all node
Total mal apk num:256, correct num:190.0, ratio:0.7421875
Total mal apk num:256, correct num:189.0, ratio:0.73828125
mask: 15 mask_size: tensor(24.)
tensor([0., 0., 0., 0., 0., 0., 0., 0., 0., 0., 0., 0., 0., 0., 0., 1., 1., 0.,
        0., 0., 0., 0., 0., 0., 0., 0., 1., 0., 0., 0., 1., 0., 0., 0., 0., 0.,
        0., 0., 0., 0., 1., 1., 0., 0., 0., 1., 0., 0., 0., 0., 0., 0., 0., 0.,
        0., 0., 0., 0., 0., 0., 0., 0., 0., 0., 0., 0., 0., 0., 1., 0., 0., 0.,
        0., 0., 0., 0., 0., 0., 0., 1., 0., 0., 0., 0., 0., 0., 0., 0., 0., 0.,
        0., 0., 0., 0., 0., 1., 0., 0., 0., 0., 0., 0., 0., 0., 0., 0., 0., 0.,
        1., 0., 0., 0., 1., 0., 0., 0., 0., 0., 0., 1., 0., 0., 0., 0., 0., 0.,
        0., 0., 0., 0., 0., 0., 0., 0., 0., 0., 0., 0., 0., 0., 1., 0., 0., 0.,
        1., 0., 0., 0., 0., 0., 0., 0., 0., 0., 0., 0., 1., 0., 0., 0., 0., 0.,
        0., 0., 0., 0., 0., 1., 1., 0., 1., 0., 0., 0., 0., 0., 0., 0., 0., 0.,
        0., 0., 0., 0., 1., 1., 0., 0., 0., 0., 0., 0., 1., 0., 0., 0., 0., 0.,
        0., 0., 0., 0., 0., 0., 0., 0., 0., 0., 1., 0., 0., 0., 0., 0., 0., 0.,
        1., 0., 0., 0., 0., 0., 0., 0.])
no trigger
Total mal apk num:256, correct num:255.0, ratio:0.99609375
Total mal apk num:256, correct num:254.0, ratio:0.9921875
trigger center only
Total mal apk num:256, correct num:245.0, ratio:0.95703125
Total mal apk num:256, correct num:245.0, ratio:0.95703125
trigger selected
Total mal apk num:256, correct num:0.0, ratio:0.0
Total mal apk num:256, correct num:0.0, ratio:0.0
trigger all node
Total mal apk num:256, correct num:12.0, ratio:0.046875
Total mal apk num:256, correct num:7.0, ratio:0.02734375
mask: 16 mask_size: tensor(24.)
tensor([0., 0., 0., 0., 0., 0., 0., 0., 0., 0., 0., 0., 0., 0., 0., 0., 0., 0.,
        1., 0., 0., 0., 0., 0., 1., 0., 0., 0., 0., 0., 0., 1., 0., 0., 0., 0.,
        0., 0., 0., 0., 1., 1., 0., 0., 0., 0., 0., 0., 1., 0., 0., 0., 1., 0.,
        0., 0., 0., 0., 0., 1., 0., 0., 1., 1., 1., 0., 0., 1., 0., 0., 0., 0.,
        0., 0., 0., 0., 0., 0., 0., 0., 0., 0., 0., 0., 0., 0., 0., 0., 0., 0.,
        0., 0., 0., 0., 0., 0., 0., 0., 0., 0., 0., 1., 0., 0., 0., 0., 0., 0.,
        0., 0., 0., 0., 0., 0., 0., 0., 0., 1., 1., 1., 0., 0., 0., 0., 0., 0.,
        0., 0., 0., 0., 0., 0., 0., 0., 0., 0., 0., 1., 0., 1., 0., 0., 0., 0.,
        0., 0., 0., 0., 0., 1., 0., 0., 0., 0., 0., 0., 0., 0., 0., 0., 0., 0.,
        0., 0., 0., 0., 0., 0., 0., 0., 0., 0., 0., 0., 0., 0., 0., 0., 0., 0.,
        1., 0., 0., 0., 0., 0., 0., 1., 0., 1., 1., 0., 0., 0., 0., 0., 0., 0.,
        0., 0., 0., 0., 0., 0., 0., 0., 0., 1., 0., 0., 0., 0., 0., 0., 0., 0.,
        0., 0., 0., 0., 0., 0., 0., 0.])
no trigger
Total mal apk num:256, correct num:255.0, ratio:0.99609375
Total mal apk num:256, correct num:254.0, ratio:0.9921875
trigger center only
Total mal apk num:256, correct num:244.0, ratio:0.953125
Total mal apk num:256, correct num:244.0, ratio:0.953125
trigger selected
Total mal apk num:256, correct num:0.0, ratio:0.0
Total mal apk num:256, correct num:1.0, ratio:0.00390625
trigger all node
Total mal apk num:256, correct num:16.0, ratio:0.0625
Total mal apk num:256, correct num:17.0, ratio:0.06640625
mask: 17 mask_size: tensor(26.)
tensor([0., 1., 0., 0., 0., 1., 0., 0., 0., 0., 0., 0., 0., 0., 0., 1., 1., 0.,
        0., 0., 0., 0., 0., 0., 0., 0., 0., 0., 1., 0., 0., 0., 0., 0., 0., 0.,
        0., 0., 0., 0., 1., 1., 0., 0., 0., 0., 0., 0., 0., 0., 0., 0., 0., 0.,
        0., 0., 0., 0., 1., 1., 0., 0., 0., 0., 0., 0., 0., 0., 0., 0., 0., 0.,
        0., 0., 0., 1., 0., 0., 0., 0., 0., 0., 0., 0., 0., 0., 0., 0., 1., 0.,
        0., 0., 0., 0., 0., 0., 0., 0., 0., 0., 0., 0., 1., 1., 0., 0., 0., 0.,
        0., 1., 0., 0., 0., 0., 0., 0., 0., 0., 0., 0., 0., 0., 0., 0., 0., 1.,
        0., 0., 0., 1., 0., 0., 1., 0., 0., 0., 0., 0., 0., 0., 0., 0., 0., 0.,
        0., 0., 0., 0., 1., 0., 1., 0., 0., 0., 0., 0., 0., 0., 0., 0., 0., 0.,
        0., 0., 0., 0., 0., 0., 0., 0., 0., 0., 0., 0., 0., 0., 0., 0., 0., 0.,
        0., 1., 0., 0., 0., 0., 1., 0., 1., 0., 0., 0., 0., 0., 1., 0., 0., 0.,
        1., 1., 1., 0., 0., 0., 0., 0., 0., 0., 0., 0., 0., 0., 0., 0., 0., 0.,
        0., 0., 0., 0., 0., 0., 0., 0.])
no trigger
Total mal apk num:256, correct num:255.0, ratio:0.99609375
Total mal apk num:256, correct num:254.0, ratio:0.9921875
trigger center only
Total mal apk num:256, correct num:249.0, ratio:0.97265625
Total mal apk num:256, correct num:247.0, ratio:0.96484375
trigger selected
Total mal apk num:256, correct num:0.0, ratio:0.0
Total mal apk num:256, correct num:0.0, ratio:0.0
trigger all node
Total mal apk num:256, correct num:19.0, ratio:0.07421875
Total mal apk num:256, correct num:13.0, ratio:0.05078125
mask: 18 mask_size: tensor(20.)
tensor([0., 1., 0., 1., 0., 0., 0., 0., 0., 0., 0., 0., 1., 1., 0., 1., 0., 0.,
        0., 0., 0., 0., 0., 0., 0., 0., 0., 0., 0., 0., 0., 0., 1., 0., 0., 0.,
        0., 0., 1., 0., 1., 1., 0., 0., 0., 0., 0., 0., 1., 0., 0., 0., 0., 0.,
        0., 0., 0., 0., 0., 0., 0., 0., 0., 0., 0., 0., 0., 0., 0., 1., 0., 1.,
        0., 0., 0., 0., 0., 0., 0., 0., 0., 0., 0., 0., 0., 0., 0., 0., 0., 0.,
        0., 0., 0., 0., 0., 0., 0., 0., 0., 0., 1., 0., 0., 0., 0., 0., 0., 0.,
        0., 0., 0., 0., 0., 0., 0., 0., 0., 0., 0., 0., 0., 0., 0., 1., 0., 1.,
        0., 0., 0., 0., 0., 0., 0., 0., 0., 0., 0., 0., 0., 0., 0., 0., 0., 0.,
        0., 0., 0., 0., 0., 0., 0., 0., 0., 0., 0., 0., 0., 1., 0., 0., 0., 0.,
        0., 0., 0., 0., 0., 0., 0., 1., 0., 0., 0., 0., 0., 0., 0., 0., 0., 0.,
        1., 0., 0., 0., 0., 0., 0., 0., 0., 0., 1., 0., 0., 0., 0., 0., 0., 0.,
        0., 0., 0., 0., 0., 0., 0., 0., 0., 0., 0., 0., 0., 0., 0., 0., 0., 0.,
        1., 0., 0., 0., 0., 0., 0., 0.])
no trigger
Total mal apk num:256, correct num:255.0, ratio:0.99609375
Total mal apk num:256, correct num:254.0, ratio:0.9921875
trigger center only
Total mal apk num:256, correct num:240.0, ratio:0.9375
Total mal apk num:256, correct num:243.0, ratio:0.94921875
trigger selected
Total mal apk num:256, correct num:0.0, ratio:0.0
Total mal apk num:256, correct num:0.0, ratio:0.0
trigger all node
Total mal apk num:256, correct num:23.0, ratio:0.08984375
Total mal apk num:256, correct num:14.0, ratio:0.0546875
mask: 19 mask_size: tensor(19.)
tensor([0., 0., 0., 0., 0., 0., 0., 0., 0., 0., 0., 0., 0., 0., 0., 0., 0., 0.,
        0., 0., 0., 0., 0., 0., 0., 0., 0., 0., 1., 0., 1., 0., 0., 0., 0., 0.,
        0., 0., 0., 0., 1., 1., 0., 0., 0., 0., 0., 0., 0., 0., 0., 0., 0., 0.,
        0., 0., 0., 0., 0., 0., 0., 0., 0., 0., 0., 0., 0., 0., 0., 0., 0., 0.,
        1., 0., 0., 0., 0., 0., 0., 0., 0., 1., 0., 0., 0., 0., 1., 0., 0., 0.,
        0., 0., 0., 0., 0., 0., 0., 0., 0., 0., 0., 0., 0., 0., 0., 1., 0., 0.,
        0., 0., 0., 0., 0., 0., 0., 0., 0., 0., 0., 0., 0., 0., 0., 0., 1., 0.,
        0., 1., 0., 0., 0., 0., 1., 0., 0., 0., 0., 0., 0., 0., 0., 0., 0., 0.,
        0., 0., 0., 0., 0., 0., 0., 0., 0., 0., 0., 0., 0., 0., 0., 1., 0., 0.,
        0., 0., 1., 0., 1., 0., 0., 0., 0., 0., 0., 0., 0., 0., 0., 0., 0., 0.,
        0., 0., 0., 0., 0., 0., 0., 0., 0., 0., 1., 0., 1., 0., 0., 1., 0., 0.,
        0., 0., 0., 0., 0., 0., 1., 0., 0., 0., 0., 0., 0., 0., 0., 0., 0., 0.,
        0., 0., 0., 0., 0., 0., 0., 1.])
no trigger
Total mal apk num:256, correct num:255.0, ratio:0.99609375
Total mal apk num:256, correct num:254.0, ratio:0.9921875
trigger center only
Total mal apk num:256, correct num:248.0, ratio:0.96875
Total mal apk num:256, correct num:246.0, ratio:0.9609375
trigger selected
Total mal apk num:256, correct num:0.0, ratio:0.0
Total mal apk num:256, correct num:0.0, ratio:0.0
trigger all node
Total mal apk num:256, correct num:12.0, ratio:0.046875
Total mal apk num:256, correct num:7.0, ratio:0.02734375
mask: 20 mask_size: tensor(28.)
tensor([0., 0., 0., 1., 1., 0., 0., 0., 0., 0., 0., 1., 0., 0., 0., 0., 0., 0.,
        0., 1., 0., 1., 0., 0., 0., 0., 0., 0., 0., 0., 0., 0., 0., 0., 0., 1.,
        0., 1., 1., 0., 1., 1., 0., 0., 0., 0., 0., 0., 0., 0., 0., 0., 0., 0.,
        0., 0., 0., 0., 0., 0., 0., 0., 1., 0., 0., 0., 0., 0., 0., 0., 0., 0.,
        0., 0., 0., 0., 0., 1., 0., 0., 0., 0., 0., 0., 0., 0., 0., 0., 0., 0.,
        0., 0., 0., 0., 0., 0., 0., 0., 0., 0., 0., 0., 0., 0., 0., 0., 0., 0.,
        0., 1., 0., 0., 0., 1., 0., 0., 0., 0., 0., 0., 0., 0., 0., 0., 0., 1.,
        0., 0., 1., 0., 0., 0., 0., 0., 0., 1., 0., 1., 0., 0., 0., 0., 0., 0.,
        0., 0., 0., 0., 0., 1., 0., 0., 0., 0., 0., 1., 0., 0., 0., 0., 0., 1.,
        0., 1., 1., 0., 0., 0., 0., 1., 0., 0., 0., 0., 0., 0., 0., 0., 0., 0.,
        0., 0., 0., 0., 0., 0., 0., 0., 0., 0., 0., 1., 0., 0., 0., 0., 0., 1.,
        0., 0., 1., 0., 0., 0., 0., 0., 0., 0., 0., 0., 0., 0., 0., 0., 0., 0.,
        0., 0., 0., 1., 0., 0., 0., 0.])
no trigger
Total mal apk num:256, correct num:255.0, ratio:0.99609375
Total mal apk num:256, correct num:254.0, ratio:0.9921875
trigger center only
Total mal apk num:256, correct num:245.0, ratio:0.95703125
Total mal apk num:256, correct num:241.0, ratio:0.94140625
trigger selected
Total mal apk num:256, correct num:0.0, ratio:0.0
Total mal apk num:256, correct num:1.0, ratio:0.00390625
trigger all node
Total mal apk num:256, correct num:23.0, ratio:0.08984375
Total mal apk num:256, correct num:15.0, ratio:0.05859375
mask: 21 mask_size: tensor(29.)
tensor([0., 0., 0., 0., 0., 1., 0., 0., 0., 0., 1., 0., 1., 0., 0., 1., 0., 0.,
        0., 0., 0., 0., 0., 0., 0., 0., 0., 0., 0., 0., 0., 0., 0., 0., 0., 0.,
        0., 0., 0., 0., 1., 1., 0., 0., 0., 0., 0., 0., 0., 0., 0., 1., 0., 0.,
        0., 0., 0., 0., 0., 0., 0., 0., 0., 0., 0., 0., 0., 1., 1., 0., 0., 0.,
        0., 0., 0., 0., 1., 1., 0., 0., 0., 1., 0., 0., 0., 0., 0., 0., 0., 0.,
        0., 1., 0., 0., 0., 0., 1., 0., 0., 0., 1., 0., 0., 1., 0., 0., 0., 0.,
        0., 0., 0., 0., 0., 0., 0., 0., 1., 0., 0., 0., 1., 0., 0., 0., 0., 0.,
        0., 0., 0., 0., 0., 0., 1., 0., 0., 0., 0., 1., 0., 0., 0., 0., 0., 0.,
        0., 0., 0., 0., 0., 0., 0., 0., 0., 0., 0., 1., 0., 0., 1., 1., 0., 0.,
        0., 0., 0., 0., 0., 0., 0., 0., 0., 0., 0., 0., 0., 0., 0., 1., 0., 1.,
        0., 0., 0., 0., 0., 0., 0., 0., 1., 0., 0., 0., 0., 0., 0., 0., 0., 0.,
        0., 0., 0., 0., 0., 1., 0., 0., 0., 0., 0., 0., 0., 0., 0., 0., 1., 0.,
        1., 0., 0., 0., 0., 0., 0., 0.])
no trigger
Total mal apk num:256, correct num:255.0, ratio:0.99609375
Total mal apk num:256, correct num:254.0, ratio:0.9921875
trigger center only
Total mal apk num:256, correct num:245.0, ratio:0.95703125
Total mal apk num:256, correct num:245.0, ratio:0.95703125
trigger selected
Total mal apk num:256, correct num:0.0, ratio:0.0
Total mal apk num:256, correct num:0.0, ratio:0.0
trigger all node
Total mal apk num:256, correct num:18.0, ratio:0.0703125
Total mal apk num:256, correct num:9.0, ratio:0.03515625
mask: 22 mask_size: tensor(23.)
tensor([0., 0., 0., 0., 0., 0., 0., 0., 0., 0., 0., 0., 0., 0., 1., 0., 0., 0.,
        1., 0., 0., 0., 0., 0., 0., 0., 0., 0., 0., 0., 1., 0., 0., 0., 0., 0.,
        0., 0., 0., 0., 1., 1., 0., 0., 0., 0., 0., 0., 0., 0., 0., 0., 0., 0.,
        0., 0., 0., 1., 0., 0., 0., 0., 0., 1., 1., 1., 0., 0., 0., 0., 0., 1.,
        0., 0., 0., 0., 0., 0., 0., 0., 0., 0., 0., 0., 0., 0., 0., 0., 1., 1.,
        0., 0., 0., 0., 0., 0., 0., 0., 0., 0., 0., 0., 1., 0., 0., 0., 0., 0.,
        0., 0., 0., 0., 0., 0., 0., 0., 0., 0., 0., 0., 0., 0., 0., 0., 0., 0.,
        0., 0., 0., 0., 1., 0., 1., 0., 0., 0., 0., 1., 0., 0., 0., 0., 0., 0.,
        0., 0., 0., 1., 0., 0., 0., 0., 0., 0., 1., 0., 0., 0., 0., 0., 0., 0.,
        0., 0., 0., 0., 1., 0., 0., 0., 0., 0., 0., 0., 0., 0., 0., 0., 0., 0.,
        0., 0., 0., 0., 0., 0., 0., 0., 0., 0., 0., 0., 0., 0., 0., 0., 0., 0.,
        0., 0., 1., 0., 0., 0., 0., 0., 0., 0., 0., 0., 1., 0., 0., 0., 0., 0.,
        0., 0., 0., 1., 0., 1., 0., 0.])
no trigger
Total mal apk num:256, correct num:255.0, ratio:0.99609375
Total mal apk num:256, correct num:254.0, ratio:0.9921875
trigger center only
Total mal apk num:256, correct num:247.0, ratio:0.96484375
Total mal apk num:256, correct num:246.0, ratio:0.9609375
trigger selected
Total mal apk num:256, correct num:0.0, ratio:0.0
Total mal apk num:256, correct num:0.0, ratio:0.0
trigger all node
Total mal apk num:256, correct num:15.0, ratio:0.05859375
Total mal apk num:256, correct num:7.0, ratio:0.02734375
mask: 23 mask_size: tensor(24.)
tensor([0., 1., 0., 0., 1., 0., 0., 0., 0., 0., 0., 0., 0., 0., 0., 0., 0., 0.,
        0., 0., 0., 0., 0., 0., 0., 0., 0., 0., 0., 0., 1., 0., 0., 0., 0., 0.,
        0., 0., 0., 0., 1., 1., 0., 0., 0., 1., 0., 0., 0., 0., 0., 0., 0., 0.,
        0., 0., 0., 0., 0., 0., 1., 1., 0., 0., 0., 0., 0., 0., 0., 0., 1., 1.,
        0., 0., 0., 0., 0., 0., 0., 0., 0., 0., 0., 0., 0., 0., 0., 0., 1., 0.,
        0., 0., 1., 0., 0., 0., 0., 0., 0., 0., 0., 0., 0., 0., 1., 0., 0., 0.,
        0., 0., 0., 0., 0., 0., 1., 0., 0., 0., 0., 0., 0., 0., 0., 0., 0., 0.,
        0., 0., 0., 0., 1., 1., 0., 0., 0., 0., 0., 1., 0., 0., 1., 0., 0., 0.,
        0., 0., 0., 0., 0., 0., 0., 0., 0., 0., 0., 0., 0., 0., 0., 0., 0., 0.,
        0., 0., 1., 0., 0., 0., 0., 0., 0., 0., 0., 0., 0., 0., 0., 0., 0., 0.,
        0., 0., 0., 0., 0., 0., 0., 0., 0., 0., 0., 1., 0., 0., 0., 0., 0., 0.,
        0., 0., 0., 0., 0., 0., 0., 1., 0., 0., 1., 0., 1., 0., 0., 0., 0., 0.,
        0., 0., 0., 1., 0., 0., 0., 0.])
no trigger
Total mal apk num:256, correct num:255.0, ratio:0.99609375
Total mal apk num:256, correct num:254.0, ratio:0.9921875
trigger center only
Total mal apk num:256, correct num:248.0, ratio:0.96875
Total mal apk num:256, correct num:248.0, ratio:0.96875
trigger selected
Total mal apk num:256, correct num:0.0, ratio:0.0
Total mal apk num:256, correct num:1.0, ratio:0.00390625
trigger all node
Total mal apk num:256, correct num:24.0, ratio:0.09375
Total mal apk num:256, correct num:20.0, ratio:0.078125
mask: 24 mask_size: tensor(26.)
tensor([1., 0., 0., 0., 0., 0., 0., 0., 0., 0., 0., 0., 0., 0., 0., 0., 0., 0.,
        0., 0., 1., 0., 0., 0., 0., 0., 1., 0., 1., 0., 0., 1., 0., 0., 0., 0.,
        0., 0., 0., 0., 1., 1., 0., 0., 0., 0., 0., 1., 0., 0., 0., 0., 0., 1.,
        0., 0., 0., 0., 1., 0., 0., 0., 0., 0., 1., 0., 1., 0., 0., 0., 0., 0.,
        0., 0., 0., 0., 0., 0., 0., 0., 0., 0., 0., 0., 0., 1., 0., 0., 0., 0.,
        0., 0., 0., 0., 0., 0., 0., 0., 0., 0., 0., 0., 0., 0., 0., 0., 0., 0.,
        0., 1., 1., 0., 0., 0., 0., 0., 0., 0., 0., 0., 0., 0., 0., 0., 0., 0.,
        1., 0., 0., 0., 0., 1., 0., 0., 0., 0., 0., 0., 0., 0., 0., 0., 0., 0.,
        0., 0., 0., 0., 0., 0., 0., 1., 0., 0., 0., 0., 0., 0., 1., 0., 0., 0.,
        1., 0., 0., 0., 0., 0., 1., 0., 0., 0., 0., 0., 0., 0., 0., 0., 0., 0.,
        0., 0., 0., 0., 0., 0., 1., 0., 0., 1., 0., 1., 0., 0., 0., 0., 0., 0.,
        1., 0., 0., 0., 0., 0., 0., 0., 0., 0., 0., 0., 0., 1., 0., 0., 0., 0.,
        0., 0., 0., 0., 0., 0., 0., 0.])
no trigger
Total mal apk num:256, correct num:255.0, ratio:0.99609375
Total mal apk num:256, correct num:254.0, ratio:0.9921875
trigger center only
Total mal apk num:256, correct num:241.0, ratio:0.94140625
Total mal apk num:256, correct num:245.0, ratio:0.95703125
trigger selected
Total mal apk num:256, correct num:0.0, ratio:0.0
Total mal apk num:256, correct num:0.0, ratio:0.0
trigger all node
Total mal apk num:256, correct num:0.0, ratio:0.0
Total mal apk num:256, correct num:0.0, ratio:0.0
mask: 25 mask_size: tensor(43.)
tensor([0., 0., 0., 0., 0., 0., 1., 0., 1., 0., 1., 0., 0., 1., 0., 0., 0., 0.,
        0., 1., 0., 0., 0., 0., 0., 0., 1., 1., 0., 0., 0., 0., 1., 0., 0., 0.,
        0., 0., 1., 0., 1., 1., 0., 1., 0., 0., 0., 0., 1., 0., 0., 1., 0., 1.,
        1., 1., 1., 0., 1., 0., 0., 0., 0., 0., 1., 0., 0., 0., 0., 0., 1., 0.,
        0., 0., 0., 1., 1., 0., 0., 1., 0., 0., 0., 0., 0., 0., 0., 1., 0., 0.,
        0., 0., 0., 0., 0., 0., 0., 0., 0., 1., 0., 0., 0., 0., 0., 0., 0., 0.,
        0., 0., 0., 0., 0., 0., 0., 0., 0., 0., 1., 0., 0., 0., 0., 1., 0., 0.,
        0., 0., 0., 0., 0., 0., 0., 0., 1., 0., 0., 0., 0., 1., 0., 0., 0., 0.,
        0., 0., 0., 0., 1., 0., 0., 0., 0., 0., 0., 1., 1., 0., 0., 1., 0., 0.,
        0., 0., 0., 0., 0., 0., 1., 0., 0., 0., 0., 0., 0., 0., 0., 0., 0., 0.,
        0., 0., 0., 0., 0., 0., 0., 0., 0., 0., 1., 0., 0., 1., 0., 1., 1., 0.,
        0., 0., 0., 0., 0., 0., 0., 1., 0., 1., 0., 0., 0., 1., 0., 0., 0., 0.,
        0., 1., 0., 0., 0., 0., 0., 0.])
no trigger
Total mal apk num:256, correct num:255.0, ratio:0.99609375
Total mal apk num:256, correct num:254.0, ratio:0.9921875
trigger center only
Total mal apk num:256, correct num:244.0, ratio:0.953125
Total mal apk num:256, correct num:242.0, ratio:0.9453125
trigger selected
Total mal apk num:256, correct num:0.0, ratio:0.0
Total mal apk num:256, correct num:0.0, ratio:0.0
trigger all node
Total mal apk num:256, correct num:0.0, ratio:0.0
Total mal apk num:256, correct num:0.0, ratio:0.0
mask: 26 mask_size: tensor(28.)
tensor([1., 0., 1., 0., 0., 0., 1., 0., 0., 0., 0., 0., 0., 0., 0., 0., 1., 1.,
        0., 0., 0., 0., 0., 0., 0., 0., 0., 0., 0., 0., 0., 0., 0., 0., 0., 0.,
        0., 0., 0., 0., 1., 1., 0., 0., 0., 1., 0., 1., 1., 0., 1., 0., 0., 0.,
        0., 0., 1., 0., 0., 0., 0., 0., 1., 0., 0., 0., 0., 0., 0., 0., 0., 0.,
        0., 0., 0., 0., 0., 0., 0., 0., 0., 1., 0., 0., 0., 0., 0., 0., 1., 0.,
        0., 0., 0., 0., 0., 0., 0., 0., 0., 1., 0., 0., 0., 0., 0., 0., 0., 0.,
        0., 0., 0., 0., 0., 1., 0., 0., 1., 0., 0., 0., 0., 1., 0., 0., 0., 0.,
        0., 1., 1., 0., 0., 0., 1., 0., 0., 0., 0., 1., 0., 0., 0., 0., 0., 0.,
        0., 0., 0., 0., 0., 0., 0., 1., 0., 0., 0., 0., 0., 0., 0., 0., 0., 0.,
        0., 0., 0., 0., 0., 0., 0., 1., 0., 0., 0., 0., 0., 0., 0., 0., 0., 0.,
        0., 0., 0., 0., 0., 0., 0., 0., 0., 0., 0., 1., 0., 0., 0., 0., 0., 0.,
        0., 0., 0., 0., 0., 0., 0., 0., 1., 0., 0., 0., 0., 0., 0., 0., 0., 0.,
        0., 0., 0., 1., 0., 0., 0., 0.])
no trigger
Total mal apk num:256, correct num:255.0, ratio:0.99609375
Total mal apk num:256, correct num:254.0, ratio:0.9921875
trigger center only
Total mal apk num:256, correct num:243.0, ratio:0.94921875
Total mal apk num:256, correct num:244.0, ratio:0.953125
trigger selected
Total mal apk num:256, correct num:0.0, ratio:0.0
Total mal apk num:256, correct num:0.0, ratio:0.0
trigger all node
Total mal apk num:256, correct num:11.0, ratio:0.04296875
Total mal apk num:256, correct num:7.0, ratio:0.02734375
mask: 27 mask_size: tensor(30.)
tensor([0., 0., 0., 0., 0., 0., 0., 0., 0., 0., 0., 1., 0., 0., 0., 0., 0., 1.,
        0., 0., 0., 0., 1., 0., 0., 0., 0., 0., 1., 0., 0., 0., 0., 0., 0., 1.,
        0., 0., 0., 1., 1., 1., 1., 0., 0., 0., 0., 0., 1., 0., 0., 0., 0., 0.,
        0., 0., 0., 0., 0., 1., 0., 0., 0., 0., 0., 0., 1., 1., 0., 0., 0., 0.,
        0., 1., 0., 0., 0., 0., 0., 0., 0., 0., 0., 0., 0., 0., 0., 0., 0., 0.,
        0., 0., 0., 0., 0., 0., 0., 0., 0., 0., 0., 1., 0., 0., 0., 0., 1., 0.,
        1., 0., 0., 0., 0., 0., 0., 0., 0., 0., 0., 0., 0., 0., 0., 0., 1., 0.,
        0., 0., 0., 0., 0., 1., 0., 0., 0., 0., 0., 0., 0., 0., 0., 0., 0., 0.,
        0., 0., 0., 0., 1., 0., 0., 1., 0., 0., 0., 0., 0., 0., 0., 0., 0., 0.,
        0., 0., 0., 0., 0., 0., 0., 0., 0., 0., 0., 0., 0., 0., 0., 0., 0., 0.,
        0., 0., 0., 0., 0., 0., 0., 0., 0., 1., 0., 0., 0., 0., 0., 0., 0., 0.,
        0., 1., 1., 0., 1., 1., 0., 1., 0., 0., 0., 0., 1., 0., 1., 0., 0., 0.,
        0., 0., 0., 1., 0., 0., 0., 0.])
no trigger
Total mal apk num:256, correct num:255.0, ratio:0.99609375
Total mal apk num:256, correct num:254.0, ratio:0.9921875
trigger center only
Total mal apk num:256, correct num:243.0, ratio:0.94921875
Total mal apk num:256, correct num:245.0, ratio:0.95703125
trigger selected
Total mal apk num:256, correct num:0.0, ratio:0.0
Total mal apk num:256, correct num:0.0, ratio:0.0
trigger all node
Total mal apk num:256, correct num:1.0, ratio:0.00390625
Total mal apk num:256, correct num:0.0, ratio:0.0
mask: 28 mask_size: tensor(26.)
tensor([0., 0., 1., 0., 0., 0., 0., 1., 0., 0., 1., 0., 0., 0., 0., 0., 0., 0.,
        0., 0., 1., 1., 0., 0., 1., 0., 0., 0., 0., 0., 0., 0., 1., 0., 0., 0.,
        0., 0., 1., 1., 1., 1., 0., 0., 0., 0., 0., 0., 0., 0., 0., 0., 0., 0.,
        0., 0., 0., 0., 0., 0., 0., 0., 0., 0., 0., 0., 0., 0., 0., 0., 0., 0.,
        0., 1., 0., 0., 0., 0., 0., 0., 0., 0., 0., 0., 0., 0., 0., 0., 0., 0.,
        0., 0., 0., 0., 0., 0., 0., 0., 0., 0., 0., 0., 0., 0., 1., 1., 0., 0.,
        0., 0., 0., 0., 1., 0., 0., 0., 1., 0., 0., 0., 1., 1., 0., 0., 0., 0.,
        0., 1., 0., 0., 0., 0., 1., 1., 0., 0., 0., 0., 0., 0., 0., 0., 0., 0.,
        0., 0., 0., 0., 0., 0., 0., 0., 0., 0., 1., 0., 0., 0., 0., 0., 0., 0.,
        0., 0., 0., 0., 0., 0., 0., 0., 0., 0., 0., 0., 0., 0., 1., 0., 0., 1.,
        0., 0., 0., 0., 0., 0., 0., 0., 0., 0., 0., 0., 0., 0., 0., 0., 0., 0.,
        0., 0., 0., 0., 0., 0., 0., 0., 0., 0., 0., 0., 0., 1., 0., 0., 1., 0.,
        0., 0., 0., 0., 0., 0., 0., 0.])
no trigger
Total mal apk num:256, correct num:255.0, ratio:0.99609375
Total mal apk num:256, correct num:254.0, ratio:0.9921875
trigger center only
Total mal apk num:256, correct num:247.0, ratio:0.96484375
Total mal apk num:256, correct num:244.0, ratio:0.953125
trigger selected
Total mal apk num:256, correct num:0.0, ratio:0.0
Total mal apk num:256, correct num:0.0, ratio:0.0
trigger all node
Total mal apk num:256, correct num:5.0, ratio:0.01953125
Total mal apk num:256, correct num:4.0, ratio:0.015625
mask: 29 mask_size: tensor(46.)
tensor([0., 0., 0., 1., 0., 1., 1., 0., 0., 0., 1., 0., 0., 0., 0., 0., 0., 0.,
        0., 0., 1., 0., 0., 0., 0., 0., 0., 0., 0., 0., 0., 0., 0., 0., 1., 0.,
        0., 0., 0., 0., 1., 1., 0., 0., 0., 0., 0., 0., 0., 1., 0., 0., 0., 0.,
        0., 1., 0., 0., 1., 1., 1., 1., 0., 0., 0., 0., 0., 0., 0., 1., 1., 0.,
        1., 0., 0., 1., 0., 0., 0., 1., 0., 0., 1., 0., 0., 0., 0., 0., 0., 0.,
        0., 1., 0., 0., 0., 0., 0., 0., 0., 0., 1., 0., 0., 0., 0., 1., 0., 0.,
        0., 1., 1., 0., 1., 0., 0., 0., 0., 0., 0., 0., 0., 0., 0., 0., 0., 0.,
        0., 1., 0., 0., 0., 0., 1., 0., 0., 0., 0., 1., 0., 0., 0., 0., 0., 0.,
        1., 0., 0., 0., 0., 0., 1., 1., 0., 0., 0., 1., 0., 0., 0., 0., 0., 0.,
        1., 0., 0., 0., 0., 0., 0., 0., 0., 1., 0., 0., 0., 0., 1., 0., 0., 0.,
        0., 0., 0., 0., 1., 1., 0., 1., 0., 0., 0., 0., 0., 0., 0., 0., 0., 1.,
        0., 1., 0., 0., 0., 1., 0., 0., 1., 1., 0., 1., 0., 0., 0., 0., 0., 1.,
        0., 0., 0., 0., 0., 0., 0., 0.])
no trigger
Total mal apk num:256, correct num:255.0, ratio:0.99609375
Total mal apk num:256, correct num:254.0, ratio:0.9921875
trigger center only
Total mal apk num:256, correct num:240.0, ratio:0.9375
Total mal apk num:256, correct num:244.0, ratio:0.953125
trigger selected
Total mal apk num:256, correct num:0.0, ratio:0.0
Total mal apk num:256, correct num:0.0, ratio:0.0
trigger all node
Total mal apk num:256, correct num:0.0, ratio:0.0
Total mal apk num:256, correct num:0.0, ratio:0.0
