{'aux_num': 256, 'aux_mal_num': 256, 'seed': 0, 'batch_size': 64, 'num_workers': 0, 'split_ratio': 0.5}
{'target_class': 0, 'orign_class': 1, 'topk': 20, 'topk2': 40, 'gamma': 1.0, 'target_bit': 50}
{'permission_range': [0, 147], 'permission_vec_len': 147, 'trigger_path': ''}
[+] Done Load Model
aux num:512, small_val_num:15398, val_num:15400, aux_mal_num:256
Robust_AMD_INT8(
  (vae): VAE_INT8(
    (encoder): Sequential(
      (0): my_8bit_linear(
        (ori_bnb_linear): Linear8bitLt(in_features=379, out_features=600, bias=True)
      )
      (1): ELU(alpha=1.0)
      (2): Dropout(p=0.1, inplace=False)
      (3): my_8bit_linear(
        (ori_bnb_linear): Linear8bitLt(in_features=600, out_features=600, bias=True)
      )
      (4): Tanh()
      (5): Dropout(p=0.1, inplace=False)
      (6): my_8bit_linear(
        (ori_bnb_linear): Linear8bitLt(in_features=600, out_features=160, bias=True)
      )
    )
    (decoder): Sequential(
      (0): my_8bit_linear(
        (ori_bnb_linear): Linear8bitLt(in_features=80, out_features=600, bias=True)
      )
      (1): Tanh()
      (2): Dropout(p=0.1, inplace=False)
      (3): my_8bit_linear(
        (ori_bnb_linear): Linear8bitLt(in_features=600, out_features=600, bias=True)
      )
      (4): ELU(alpha=1.0)
      (5): Dropout(p=0.1, inplace=False)
      (6): my_8bit_linear(
        (ori_bnb_linear): Linear8bitLt(in_features=600, out_features=379, bias=True)
      )
      (7): Softplus(beta=1, threshold=20)
      (8): Sigmoid()
    )
    (sigma_softplus): Softplus(beta=1, threshold=20)
  )
  (mlp): MLP_INT8(
    (mlp): Sequential(
      (0): my_8bit_linear(
        (ori_bnb_linear): Linear8bitLt(in_features=160, out_features=40, bias=True)
      )
      (1): Tanh()
      (2): Dropout(p=0.1, inplace=False)
      (3): my_8bit_linear(
        (ori_bnb_linear): Linear8bitLt(in_features=40, out_features=40, bias=True)
      )
      (4): ELU(alpha=1.0)
      (5): Dropout(p=0.1, inplace=False)
      (6): my_8bit_linear(
        (ori_bnb_linear): Linear8bitLt(in_features=40, out_features=40, bias=True)
      )
      (7): ELU(alpha=1.0)
      (8): Dropout(p=0.1, inplace=False)
      (9): my_8bit_linear(
        (ori_bnb_linear): Linear8bitLt(in_features=40, out_features=2, bias=True)
      )
      (10): Softplus(beta=1, threshold=20)
    )
  )
)
[+] Done Replace Model
Parameter containing:
tensor([0., 0., 0., 0., 0., 0., 0., 0., 0., 0., 0., 0., 0., 0., 0., 0., 0., 0.,
        0., 0., 0., 0., 1., 0., 0., 0., 0., 0., 0., 0., 0., 0., 0., 0., 0., 0.,
        0., 0., 0., 0., 0., 0., 0., 0., 0., 0., 0., 0., 0., 0., 0., 0., 0., 0.,
        0., 0., 0., 0., 0., 0., 0., 0., 0., 0., 0., 0., 0., 0., 0., 0., 0., 0.,
        0., 0., 0., 0., 0., 0., 0., 0., 0., 0., 0., 0., 0., 0., 0., 0., 0., 0.,
        0., 0., 0., 0., 0., 0., 0., 0., 0., 0., 0., 0., 0., 0., 0., 0., 0., 0.,
        0., 0., 0., 0., 0., 0., 0., 0., 0., 0., 0., 0., 0., 0., 0., 0., 0., 0.,
        0., 0., 0., 0., 0., 0., 0., 0., 0., 0., 0., 0., 0., 0., 0., 0., 0., 0.,
        0., 0., 0.], device='cuda:0')
[+] done load Trigger
========================Before Attack========================
[+] Start eval on small val acc
[+] Accuarcy:0.8689440187037277; correct_num:13380.0, sample_num:15398.0
[+] Malware acc 0.8763475776074815, Benign acc:0.8615404597999741
[+] Start eval on small val asr
[+] Asr@1 12.404,7699
========================Start  Attack========================
[+] ext_epoch 0: loss 3.892578125
[+] change vae.encoder.6@48@7@absmax, loss: 3.642578125
[+] Start eval on small val acc
[+] Accuarcy:0.8695934536952851; correct_num:13390.0, sample_num:15398.0
[+] Malware acc 0.8777763345889077, Benign acc:0.8614105728016626
[+] Start eval on small val asr
[+] Asr@1 12.365,7699
[+] ext_epoch 1: loss 3.642578125
[+] change mlp.mlp.9@1@7@absmax, loss: 3.552734375
[+] Start eval on small val acc
[+] Accuarcy:0.8695934536952851; correct_num:13390.0, sample_num:15398.0
[+] Malware acc 0.8790752045720224, Benign acc:0.8601117028185479
[+] Start eval on small val asr
[+] Asr@1 12.067,7699
[+] ext_epoch 2: loss 3.552734375
[+] change vae.encoder.6@111@0@absmax, loss: 3.498046875
[+] Start eval on small val acc
[+] Accuarcy:0.8698532276919081; correct_num:13394.0, sample_num:15398.0
[+] Malware acc 0.8788154305753993, Benign acc:0.8608910248084167
[+] Start eval on small val asr
[+] Asr@1 12.235,7699
[+] ext_epoch 3: loss 3.498046875
[+] change vae.encoder.6@111@1@absmax, loss: 3.443359375
[+] Start eval on small val acc
[+] Accuarcy:0.8694635666969737; correct_num:13388.0, sample_num:15398.0
[+] Malware acc 0.8776464475905962, Benign acc:0.861280685803351
[+] Start eval on small val asr
[+] Asr@1 12.365,7699
[+] ext_epoch 4: loss 3.443359375
[+] change vae.encoder.6@100@0@absmax, loss: 3.419921875
[+] Start eval on small val acc
[+] Accuarcy:0.8693336796986622; correct_num:13386.0, sample_num:15398.0
[+] Malware acc 0.8760878036108586, Benign acc:0.8625795557864657
[+] Start eval on small val asr
[+] Asr@1 12.430,7699
[+] ext_epoch 5: loss 3.419921875
[+] change vae.encoder.6@100@1@absmax, loss: 3.404296875
[+] Start eval on small val acc
[+] Accuarcy:0.869138849201195; correct_num:13383.0, sample_num:15398.0
[+] Malware acc 0.8747889336277439, Benign acc:0.8634887647746461
[+] Start eval on small val asr
[+] Asr@1 12.547,7699
[+] ext_epoch 6: loss 3.404296875
[+] change vae.encoder.6@46@0@absmax, loss: 3.392578125
[+] Start eval on small val acc
[+] Accuarcy:0.869138849201195; correct_num:13383.0, sample_num:15398.0
[+] Malware acc 0.8746590466294324, Benign acc:0.8636186517729575
[+] Start eval on small val asr
[+] Asr@1 12.612,7699
[+] ext_epoch 7: loss 3.392578125
[+] change vae.encoder.6@128@0@absmax, loss: 3.38671875
[+] Start eval on small val acc
[+] Accuarcy:0.868879075204572; correct_num:13379.0, sample_num:15398.0
[+] Malware acc 0.8738797246395635, Benign acc:0.8638784257695805
[+] Start eval on small val asr
[+] Asr@1 12.664,7699
[+] ext_epoch 8: loss 3.38671875
[+] change mlp.mlp.9@0@10@absmax, loss: 3.3828125
[+] Start eval on small val acc
[+] Accuarcy:0.8688141317054163; correct_num:13378.0, sample_num:15398.0
[+] Malware acc 0.8736199506429406, Benign acc:0.8640083127678919
[+] Start eval on small val asr
[+] Asr@1 12.690,7699
[+] ext_epoch 9: loss 3.3828125
[+] change vae.encoder.6@128@1@absmax, loss: 3.375
[+] Start eval on small val acc
[+] Accuarcy:0.8686193012079491; correct_num:13375.0, sample_num:15398.0
[+] Malware acc 0.8723210806598259, Benign acc:0.8649175217560722
[+] Start eval on small val asr
[+] Asr@1 13.093,7699
[+] ext_epoch 10: loss 3.375
[+] change vae.encoder.6@48@10@absmax, loss: 3.373046875
[+] Start eval on small val acc
[+] Accuarcy:0.8686193012079491; correct_num:13375.0, sample_num:15398.0
[+] Malware acc 0.8723210806598259, Benign acc:0.8649175217560722
[+] Start eval on small val asr
[+] Asr@1 12.872,7699
[+] ext_epoch 11: loss 3.373046875
[+] change vae.encoder.6@115@0@absmax, loss: 3.3671875
[+] Start eval on small val acc
[+] Accuarcy:0.8677100922197688; correct_num:13361.0, sample_num:15398.0
[+] Malware acc 0.8695934536952851, Benign acc:0.8658267307442525
[+] Start eval on small val asr
[+] Asr@1 13.158,7699
[+] ext_epoch 12: loss 3.3671875
[+] change vae.encoder.6@48@11@absmax, loss: 3.365234375
[+] Start eval on small val acc
[+] Accuarcy:0.867645148720613; correct_num:13360.0, sample_num:15398.0
[+] Malware acc 0.8694635666969737, Benign acc:0.8658267307442525
[+] Start eval on small val asr
[+] Asr@1 13.158,7699
[+] ext_epoch 13: loss 3.365234375
[+] change vae.encoder.6@138@0@absmax, loss: 3.361328125
[+] Start eval on small val acc
[+] Accuarcy:0.8679698662163917; correct_num:13365.0, sample_num:15398.0
[+] Malware acc 0.8675152617223016, Benign acc:0.8684244707104819
[+] Start eval on small val asr
[+] Asr@1 13.210,7699
[+] ext_epoch 14: loss 3.361328125
